<?xml version="1.0" encoding="UTF-8"?>
<testsuite xmlns:xsi="http://www.w3.org/2001/XMLSchema-instance" xsi:noNamespaceSchemaLocation="https://maven.apache.org/surefire/maven-surefire-plugin/xsd/surefire-test-report.xsd" version="3.0.2" name="com.mycart.mycart.MycartApplicationTests" time="5.662" tests="1" errors="1" skipped="0" failures="0">
  <properties>
[...]
</properties>
  <testcase name="contextLoads" classname="com.mycart.mycart.MycartApplicationTests" time="0.022">
    <error message="Failed to load ApplicationContext for [WebMergedContextConfiguration@73db7df0 testClass = com.mycart.mycart.MycartApplicationTests, locations = [], classes = [com.mycart.mycart.MycartApplication], contextInitializerClasses = [], activeProfiles = [], propertySourceDescriptors = [], propertySourceProperties = [&quot;org.springframework.boot.test.context.SpringBootTestContextBootstrapper=true&quot;], contextCustomizers = [org.springframework.boot.test.context.filter.ExcludeFilterContextCustomizer@2f01783a, org.springframework.boot.test.json.DuplicateJsonObjectContextCustomizerFactory$DuplicateJsonObjectContextCustomizer@7ac296f6, org.springframework.boot.test.mock.mockito.MockitoContextCustomizer@0, org.springframework.boot.test.web.client.TestRestTemplateContextCustomizer@638ef7ed, org.springframework.boot.test.web.reactor.netty.DisableReactorResourceFactoryGlobalResourcesContextCustomizerFactory$DisableReactorResourceFactoryGlobalResourcesContextCustomizerCustomizer@70e38ce1, org.springframework.boot.test.autoconfigure.OnFailureConditionReportContextCustomizerFactory$OnFailureConditionReportContextCustomizer@1ebea008, org.springframework.boot.test.autoconfigure.actuate.observability.ObservabilityContextCustomizerFactory$DisableObservabilityContextCustomizer@1f, org.springframework.boot.test.autoconfigure.properties.PropertyMappingContextCustomizer@0, org.springframework.boot.test.autoconfigure.web.servlet.WebDriverContextCustomizer@19b89d4, org.springframework.test.context.support.DynamicPropertiesContextCustomizer@0, org.springframework.boot.test.context.SpringBootTestAnnotation@894ac3a0], resourceBasePath = &quot;src/main/webapp&quot;, contextLoader = org.springframework.boot.test.context.SpringBootContextLoader, parent = null]" type="java.lang.IllegalStateException"><![CDATA[java.lang.IllegalStateException: Failed to load ApplicationContext for [WebMergedContextConfiguration@73db7df0 testClass = com.mycart.mycart.MycartApplicationTests, locations = [], classes = [com.mycart.mycart.MycartApplication], contextInitializerClasses = [], activeProfiles = [], propertySourceDescriptors = [], propertySourceProperties = ["org.springframework.boot.test.context.SpringBootTestContextBootstrapper=true"], contextCustomizers = [org.springframework.boot.test.context.filter.ExcludeFilterContextCustomizer@2f01783a, org.springframework.boot.test.json.DuplicateJsonObjectContextCustomizerFactory$DuplicateJsonObjectContextCustomizer@7ac296f6, org.springframework.boot.test.mock.mockito.MockitoContextCustomizer@0, org.springframework.boot.test.web.client.TestRestTemplateContextCustomizer@638ef7ed, org.springframework.boot.test.web.reactor.netty.DisableReactorResourceFactoryGlobalResourcesContextCustomizerFactory$DisableReactorResourceFactoryGlobalResourcesContextCustomizerCustomizer@70e38ce1, org.springframework.boot.test.autoconfigure.OnFailureConditionReportContextCustomizerFactory$OnFailureConditionReportContextCustomizer@1ebea008, org.springframework.boot.test.autoconfigure.actuate.observability.ObservabilityContextCustomizerFactory$DisableObservabilityContextCustomizer@1f, org.springframework.boot.test.autoconfigure.properties.PropertyMappingContextCustomizer@0, org.springframework.boot.test.autoconfigure.web.servlet.WebDriverContextCustomizer@19b89d4, org.springframework.test.context.support.DynamicPropertiesContextCustomizer@0, org.springframework.boot.test.context.SpringBootTestAnnotation@894ac3a0], resourceBasePath = "src/main/webapp", contextLoader = org.springframework.boot.test.context.SpringBootContextLoader, parent = null]
	at org.springframework.test.context.cache.DefaultCacheAwareContextLoaderDelegate.loadContext(DefaultCacheAwareContextLoaderDelegate.java:180)
	at org.springframework.test.context.support.DefaultTestContext.getApplicationContext(DefaultTestContext.java:130)
	at org.springframework.test.context.web.ServletTestExecutionListener.setUpRequestContextIfNecessary(ServletTestExecutionListener.java:200)
	at org.springframework.test.context.web.ServletTestExecutionListener.prepareTestInstance(ServletTestExecutionListener.java:139)
	at org.springframework.test.context.TestContextManager.prepareTestInstance(TestContextManager.java:260)
	at org.springframework.test.context.junit.jupiter.SpringExtension.postProcessTestInstance(SpringExtension.java:160)
	at java.base/java.util.stream.ForEachOps$ForEachOp$OfRef.accept(ForEachOps.java:184)
	at java.base/java.util.stream.ReferencePipeline$3$1.accept(ReferencePipeline.java:197)
	at java.base/java.util.stream.ReferencePipeline$2$1.accept(ReferencePipeline.java:179)
	at java.base/java.util.stream.ReferencePipeline$3$1.accept(ReferencePipeline.java:197)
	at java.base/java.util.ArrayList$ArrayListSpliterator.forEachRemaining(ArrayList.java:1708)
	at java.base/java.util.stream.AbstractPipeline.copyInto(AbstractPipeline.java:509)
	at java.base/java.util.stream.AbstractPipeline.wrapAndCopyInto(AbstractPipeline.java:499)
	at java.base/java.util.stream.ForEachOps$ForEachOp.evaluateSequential(ForEachOps.java:151)
	at java.base/java.util.stream.ForEachOps$ForEachOp$OfRef.evaluateSequential(ForEachOps.java:174)
	at java.base/java.util.stream.AbstractPipeline.evaluate(AbstractPipeline.java:234)
	at java.base/java.util.stream.ReferencePipeline.forEach(ReferencePipeline.java:596)
	at java.base/java.util.Optional.orElseGet(Optional.java:364)
	at java.base/java.util.ArrayList.forEach(ArrayList.java:1596)
	at java.base/java.util.ArrayList.forEach(ArrayList.java:1596)
Caused by: org.apache.camel.FailedToCreateRouteException: Failed to create route route9 at: >>> To[activemq:queue:updateInventory] <<< in route: Route(route9)[From[direct:inventoryInput] -> [OnException[[j... because of Failed to resolve endpoint: activemq://queue:updateInventory due to: Username must also be provided when using username/password as credentials.
	at org.apache.camel.reifier.RouteReifier.doCreateRoute(RouteReifier.java:217)
	at org.apache.camel.reifier.RouteReifier.createRoute(RouteReifier.java:76)
	at org.apache.camel.impl.DefaultModelReifierFactory.createRoute(DefaultModelReifierFactory.java:49)
	at org.apache.camel.impl.DefaultCamelContext.startRouteDefinitions(DefaultCamelContext.java:724)
	at org.apache.camel.impl.DefaultCamelContext.startRouteDefinitions(DefaultCamelContext.java:590)
	at org.apache.camel.impl.engine.AbstractCamelContext.doInit(AbstractCamelContext.java:2364)
	at org.apache.camel.support.service.BaseService.init(BaseService.java:78)
	at org.apache.camel.impl.engine.AbstractCamelContext.init(AbstractCamelContext.java:2000)
	at org.apache.camel.support.service.BaseService.start(BaseService.java:105)
	at org.apache.camel.impl.engine.AbstractCamelContext.start(AbstractCamelContext.java:2019)
	at org.apache.camel.impl.DefaultCamelContext.start(DefaultCamelContext.java:208)
	at org.apache.camel.spring.SpringCamelContext.start(SpringCamelContext.java:119)
	at org.apache.camel.spring.SpringCamelContext.onApplicationEvent(SpringCamelContext.java:151)
	at org.springframework.context.event.SimpleApplicationEventMulticaster.doInvokeListener(SimpleApplicationEventMulticaster.java:185)
	at org.springframework.context.event.SimpleApplicationEventMulticaster.invokeListener(SimpleApplicationEventMulticaster.java:178)
	at org.springframework.context.event.SimpleApplicationEventMulticaster.multicastEvent(SimpleApplicationEventMulticaster.java:156)
	at org.springframework.context.support.AbstractApplicationContext.publishEvent(AbstractApplicationContext.java:454)
	at org.springframework.context.support.AbstractApplicationContext.publishEvent(AbstractApplicationContext.java:387)
	at org.springframework.context.support.AbstractApplicationContext.finishRefresh(AbstractApplicationContext.java:1009)
	at org.springframework.context.support.AbstractApplicationContext.refresh(AbstractApplicationContext.java:630)
	at org.springframework.boot.SpringApplication.refresh(SpringApplication.java:752)
	at org.springframework.boot.SpringApplication.refreshContext(SpringApplication.java:439)
	at org.springframework.boot.SpringApplication.run(SpringApplication.java:318)
	at org.springframework.boot.test.context.SpringBootContextLoader.lambda$loadContext$3(SpringBootContextLoader.java:144)
	at org.springframework.util.function.ThrowingSupplier.get(ThrowingSupplier.java:58)
	at org.springframework.util.function.ThrowingSupplier.get(ThrowingSupplier.java:46)
	at org.springframework.boot.SpringApplication.withHook(SpringApplication.java:1461)
	at org.springframework.boot.test.context.SpringBootContextLoader$ContextLoaderHook.run(SpringBootContextLoader.java:563)
	at org.springframework.boot.test.context.SpringBootContextLoader.loadContext(SpringBootContextLoader.java:144)
	at org.springframework.boot.test.context.SpringBootContextLoader.loadContext(SpringBootContextLoader.java:110)
	at org.springframework.test.context.cache.DefaultCacheAwareContextLoaderDelegate.loadContextInternal(DefaultCacheAwareContextLoaderDelegate.java:225)
	at org.springframework.test.context.cache.DefaultCacheAwareContextLoaderDelegate.loadContext(DefaultCacheAwareContextLoaderDelegate.java:152)
	... 19 more
Caused by: org.apache.camel.ResolveEndpointFailedException: Failed to resolve endpoint: activemq://queue:updateInventory due to: Username must also be provided when using username/password as credentials.
	at org.apache.camel.impl.engine.AbstractCamelContext.doGetEndpoint(AbstractCamelContext.java:845)
	at org.apache.camel.impl.engine.AbstractCamelContext.getEndpoint(AbstractCamelContext.java:745)
	at org.apache.camel.support.CamelContextHelper.resolveEndpoint(CamelContextHelper.java:123)
	at org.apache.camel.reifier.SendReifier.resolveEndpoint(SendReifier.java:45)
	at org.apache.camel.reifier.SendReifier.createProcessor(SendReifier.java:37)
	at org.apache.camel.reifier.ProcessorReifier.makeProcessor(ProcessorReifier.java:870)
	at org.apache.camel.reifier.ProcessorReifier.addRoutes(ProcessorReifier.java:610)
	at org.apache.camel.reifier.RouteReifier.doCreateRoute(RouteReifier.java:213)
	... 50 more
Caused by: java.lang.IllegalArgumentException: Username must also be provided when using username/password as credentials.
	at org.apache.camel.component.jms.JmsComponent.createEndpoint(JmsComponent.java:1162)
	at org.apache.camel.support.DefaultComponent.createEndpoint(DefaultComponent.java:170)
	at org.apache.camel.impl.engine.AbstractCamelContext.doGetEndpoint(AbstractCamelContext.java:811)
	... 57 more
]]></error>
    <system-out><![CDATA[17:11:56.027 [main] INFO org.springframework.test.context.support.AnnotationConfigContextLoaderUtils -- Could not detect default configuration classes for test class [com.mycart.mycart.MycartApplicationTests]: MycartApplicationTests does not declare any static, non-private, non-final, nested classes annotated with @Configuration.
17:11:56.245 [main] INFO org.springframework.boot.test.context.SpringBootTestContextBootstrapper -- Found @SpringBootConfiguration com.mycart.mycart.MycartApplication for test class com.mycart.mycart.MycartApplicationTests
17:11:56.550 [main] INFO org.springframework.boot.devtools.restart.RestartApplicationListener -- Restart disabled due to context in which it is running

  .   ____          _            __ _ _
 /\\ / ___'_ __ _ _(_)_ __  __ _ \ \ \ \
( ( )\___ | '_ | '_| | '_ \/ _` | \ \ \ \
 \\/  ___)| |_)| | | | | || (_| |  ) ) ) )
  '  |____| .__|_| |_|_| |_\__, | / / / /
 =========|_|==============|___/=/_/_/_/

 :: Spring Boot ::                (v3.4.4)

2025-04-21T17:11:56.869+05:30  INFO 14188 --- [mycart] [           main] c.mycart.mycart.MycartApplicationTests   : Starting MycartApplicationTests using Java 21.0.2 with PID 14188 (started by 290679 in C:\Users\290679\Desktop\mycart)
2025-04-21T17:11:56.871+05:30  INFO 14188 --- [mycart] [           main] c.mycart.mycart.MycartApplicationTests   : No active profile set, falling back to 1 default profile: "default"
2025-04-21T17:11:58.116+05:30  INFO 14188 --- [mycart] [           main] .s.d.r.c.RepositoryConfigurationDelegate : Bootstrapping Spring Data MongoDB repositories in DEFAULT mode.
2025-04-21T17:11:58.149+05:30  INFO 14188 --- [mycart] [           main] .s.d.r.c.RepositoryConfigurationDelegate : Finished Spring Data repository scanning in 23 ms. Found 0 MongoDB repository interfaces.
2025-04-21T17:11:58.777+05:30  INFO 14188 --- [mycart] [           main] o.a.camel.util.concurrent.ThreadType     : The type of thread detected is PLATFORM
2025-04-21T17:11:59.172+05:30  INFO 14188 --- [mycart] [           main] org.mongodb.driver.client                : MongoClient with metadata {"driver": {"name": "mongo-java-driver|sync", "version": "5.2.1"}, "os": {"type": "Windows", "name": "Windows 11", "architecture": "amd64", "version": "10.0"}, "platform": "Java/Oracle Corporation/21.0.2+13-58"} created with settings MongoClientSettings{readPreference=primary, writeConcern=WriteConcern{w=null, wTimeout=null ms, journal=null}, retryWrites=true, retryReads=true, readConcern=ReadConcern{level=null}, credential=null, transportSettings=null, commandListeners=[], codecRegistry=ProvidersCodecRegistry{codecProviders=[ValueCodecProvider{}, BsonValueCodecProvider{}, DBRefCodecProvider{}, DBObjectCodecProvider{}, DocumentCodecProvider{}, CollectionCodecProvider{}, IterableCodecProvider{}, MapCodecProvider{}, GeoJsonCodecProvider{}, GridFSFileCodecProvider{}, Jsr310CodecProvider{}, JsonObjectCodecProvider{}, BsonCodecProvider{}, EnumCodecProvider{}, com.mongodb.client.model.mql.ExpressionCodecProvider@5e385b6f, com.mongodb.Jep395RecordCodecProvider@67b560fe, com.mongodb.KotlinCodecProvider@45dde6ac]}, loggerSettings=LoggerSettings{maxDocumentLength=1000}, clusterSettings={hosts=[localhost:27017], srvServiceName=mongodb, mode=SINGLE, requiredClusterType=UNKNOWN, requiredReplicaSetName='null', serverSelector='null', clusterListeners='[]', serverSelectionTimeout='30000 ms', localThreshold='15 ms'}, socketSettings=SocketSettings{connectTimeoutMS=10000, readTimeoutMS=0, receiveBufferSize=0, proxySettings=ProxySettings{host=null, port=null, username=null, password=null}}, heartbeatSocketSettings=SocketSettings{connectTimeoutMS=10000, readTimeoutMS=10000, receiveBufferSize=0, proxySettings=ProxySettings{host=null, port=null, username=null, password=null}}, connectionPoolSettings=ConnectionPoolSettings{maxSize=100, minSize=0, maxWaitTimeMS=120000, maxConnectionLifeTimeMS=0, maxConnectionIdleTimeMS=0, maintenanceInitialDelayMS=0, maintenanceFrequencyMS=60000, connectionPoolListeners=[], maxConnecting=2}, serverSettings=ServerSettings{heartbeatFrequencyMS=10000, minHeartbeatFrequencyMS=500, serverMonitoringMode=AUTO, serverListeners='[]', serverMonitorListeners='[]'}, sslSettings=SslSettings{enabled=false, invalidHostNameAllowed=false, context=null}, applicationName='null', compressorList=[], uuidRepresentation=UNSPECIFIED, serverApi=null, autoEncryptionSettings=null, dnsClient=null, inetAddressResolver=null, contextProvider=null, timeoutMS=null}
2025-04-21T17:11:59.241+05:30  INFO 14188 --- [mycart] [localhost:27017] org.mongodb.driver.cluster               : Monitor thread successfully connected to server with description ServerDescription{address=localhost:27017, type=STANDALONE, cryptd=false, state=CONNECTED, ok=true, minWireVersion=0, maxWireVersion=25, maxDocumentSize=16777216, logicalSessionTimeoutMinutes=30, roundTripTimeNanos=47070100, minRoundTripTimeNanos=0}
2025-04-21T17:12:01.137+05:30  INFO 14188 --- [mycart] [           main] o.a.c.support.LifecycleStrategySupport   : Autowired property: mongoConnection on component: mongodb as exactly one instance of type: com.mongodb.client.MongoClient (com.mongodb.client.internal.MongoClientImpl) found in the registry
2025-04-21T17:12:01.302+05:30  WARN 14188 --- [mycart] [           main] o.s.w.c.s.GenericWebApplicationContext   : Exception encountered during context initialization - cancelling refresh attempt: org.apache.camel.FailedToCreateRouteException: Failed to create route route9 at: >>> To[activemq:queue:updateInventory] <<< in route: Route(route9)[From[direct:inventoryInput] -> [OnException[[j... because of Failed to resolve endpoint: activemq://queue:updateInventory due to: Username must also be provided when using username/password as credentials.
2025-04-21T17:12:01.331+05:30  INFO 14188 --- [mycart] [           main] .s.b.a.l.ConditionEvaluationReportLogger : 

Error starting ApplicationContext. To display the condition evaluation report re-run your application with 'debug' enabled.
2025-04-21T17:12:01.379+05:30 ERROR 14188 --- [mycart] [           main] o.s.boot.SpringApplication               : Application run failed

org.apache.camel.FailedToCreateRouteException: Failed to create route route9 at: >>> To[activemq:queue:updateInventory] <<< in route: Route(route9)[From[direct:inventoryInput] -> [OnException[[j... because of Failed to resolve endpoint: activemq://queue:updateInventory due to: Username must also be provided when using username/password as credentials.
	at org.apache.camel.reifier.RouteReifier.doCreateRoute(RouteReifier.java:217) ~[camel-core-reifier-4.3.0.jar:4.3.0]
	at org.apache.camel.reifier.RouteReifier.createRoute(RouteReifier.java:76) ~[camel-core-reifier-4.3.0.jar:4.3.0]
	at org.apache.camel.impl.DefaultModelReifierFactory.createRoute(DefaultModelReifierFactory.java:49) ~[camel-core-engine-4.3.0.jar:4.3.0]
	at org.apache.camel.impl.DefaultCamelContext.startRouteDefinitions(DefaultCamelContext.java:724) ~[camel-core-engine-4.3.0.jar:4.3.0]
	at org.apache.camel.impl.DefaultCamelContext.startRouteDefinitions(DefaultCamelContext.java:590) ~[camel-core-engine-4.3.0.jar:4.3.0]
	at org.apache.camel.impl.engine.AbstractCamelContext.doInit(AbstractCamelContext.java:2364) ~[camel-base-engine-4.3.0.jar:4.3.0]
	at org.apache.camel.support.service.BaseService.init(BaseService.java:78) ~[camel-api-4.3.0.jar:4.3.0]
	at org.apache.camel.impl.engine.AbstractCamelContext.init(AbstractCamelContext.java:2000) ~[camel-base-engine-4.3.0.jar:4.3.0]
	at org.apache.camel.support.service.BaseService.start(BaseService.java:105) ~[camel-api-4.3.0.jar:4.3.0]
	at org.apache.camel.impl.engine.AbstractCamelContext.start(AbstractCamelContext.java:2019) ~[camel-base-engine-4.3.0.jar:4.3.0]
	at org.apache.camel.impl.DefaultCamelContext.start(DefaultCamelContext.java:208) ~[camel-core-engine-4.3.0.jar:4.3.0]
	at org.apache.camel.spring.SpringCamelContext.start(SpringCamelContext.java:119) ~[camel-spring-4.3.0.jar:4.3.0]
	at org.apache.camel.spring.SpringCamelContext.onApplicationEvent(SpringCamelContext.java:151) ~[camel-spring-4.3.0.jar:4.3.0]
	at org.springframework.context.event.SimpleApplicationEventMulticaster.doInvokeListener(SimpleApplicationEventMulticaster.java:185) ~[spring-context-6.2.5.jar:6.2.5]
	at org.springframework.context.event.SimpleApplicationEventMulticaster.invokeListener(SimpleApplicationEventMulticaster.java:178) ~[spring-context-6.2.5.jar:6.2.5]
	at org.springframework.context.event.SimpleApplicationEventMulticaster.multicastEvent(SimpleApplicationEventMulticaster.java:156) ~[spring-context-6.2.5.jar:6.2.5]
	at org.springframework.context.support.AbstractApplicationContext.publishEvent(AbstractApplicationContext.java:454) ~[spring-context-6.2.5.jar:6.2.5]
	at org.springframework.context.support.AbstractApplicationContext.publishEvent(AbstractApplicationContext.java:387) ~[spring-context-6.2.5.jar:6.2.5]
	at org.springframework.context.support.AbstractApplicationContext.finishRefresh(AbstractApplicationContext.java:1009) ~[spring-context-6.2.5.jar:6.2.5]
	at org.springframework.context.support.AbstractApplicationContext.refresh(AbstractApplicationContext.java:630) ~[spring-context-6.2.5.jar:6.2.5]
	at org.springframework.boot.SpringApplication.refresh(SpringApplication.java:752) ~[spring-boot-3.4.4.jar:3.4.4]
	at org.springframework.boot.SpringApplication.refreshContext(SpringApplication.java:439) ~[spring-boot-3.4.4.jar:3.4.4]
	at org.springframework.boot.SpringApplication.run(SpringApplication.java:318) ~[spring-boot-3.4.4.jar:3.4.4]
	at org.springframework.boot.test.context.SpringBootContextLoader.lambda$loadContext$3(SpringBootContextLoader.java:144) ~[spring-boot-test-3.4.4.jar:3.4.4]
	at org.springframework.util.function.ThrowingSupplier.get(ThrowingSupplier.java:58) ~[spring-core-6.2.5.jar:6.2.5]
	at org.springframework.util.function.ThrowingSupplier.get(ThrowingSupplier.java:46) ~[spring-core-6.2.5.jar:6.2.5]
	at org.springframework.boot.SpringApplication.withHook(SpringApplication.java:1461) ~[spring-boot-3.4.4.jar:3.4.4]
	at org.springframework.boot.test.context.SpringBootContextLoader$ContextLoaderHook.run(SpringBootContextLoader.java:563) ~[spring-boot-test-3.4.4.jar:3.4.4]
	at org.springframework.boot.test.context.SpringBootContextLoader.loadContext(SpringBootContextLoader.java:144) ~[spring-boot-test-3.4.4.jar:3.4.4]
	at org.springframework.boot.test.context.SpringBootContextLoader.loadContext(SpringBootContextLoader.java:110) ~[spring-boot-test-3.4.4.jar:3.4.4]
	at org.springframework.test.context.cache.DefaultCacheAwareContextLoaderDelegate.loadContextInternal(DefaultCacheAwareContextLoaderDelegate.java:225) ~[spring-test-6.2.5.jar:6.2.5]
	at org.springframework.test.context.cache.DefaultCacheAwareContextLoaderDelegate.loadContext(DefaultCacheAwareContextLoaderDelegate.java:152) ~[spring-test-6.2.5.jar:6.2.5]
	at org.springframework.test.context.support.DefaultTestContext.getApplicationContext(DefaultTestContext.java:130) ~[spring-test-6.2.5.jar:6.2.5]
	at org.springframework.test.context.web.ServletTestExecutionListener.setUpRequestContextIfNecessary(ServletTestExecutionListener.java:200) ~[spring-test-6.2.5.jar:6.2.5]
	at org.springframework.test.context.web.ServletTestExecutionListener.prepareTestInstance(ServletTestExecutionListener.java:139) ~[spring-test-6.2.5.jar:6.2.5]
	at org.springframework.test.context.TestContextManager.prepareTestInstance(TestContextManager.java:260) ~[spring-test-6.2.5.jar:6.2.5]
	at org.springframework.test.context.junit.jupiter.SpringExtension.postProcessTestInstance(SpringExtension.java:160) ~[spring-test-6.2.5.jar:6.2.5]
	at org.junit.jupiter.engine.descriptor.ClassBasedTestDescriptor.lambda$invokeTestInstancePostProcessors$11(ClassBasedTestDescriptor.java:378) ~[junit-jupiter-engine-5.11.4.jar:5.11.4]
	at org.junit.jupiter.engine.descriptor.ClassBasedTestDescriptor.executeAndMaskThrowable(ClassBasedTestDescriptor.java:383) ~[junit-jupiter-engine-5.11.4.jar:5.11.4]
	at org.junit.jupiter.engine.descriptor.ClassBasedTestDescriptor.lambda$invokeTestInstancePostProcessors$12(ClassBasedTestDescriptor.java:378) ~[junit-jupiter-engine-5.11.4.jar:5.11.4]
	at java.base/java.util.stream.ForEachOps$ForEachOp$OfRef.accept(ForEachOps.java:184) ~[na:na]
	at java.base/java.util.stream.ReferencePipeline$3$1.accept(ReferencePipeline.java:197) ~[na:na]
	at java.base/java.util.stream.ReferencePipeline$2$1.accept(ReferencePipeline.java:179) ~[na:na]
	at java.base/java.util.stream.ReferencePipeline$3$1.accept(ReferencePipeline.java:197) ~[na:na]
	at java.base/java.util.ArrayList$ArrayListSpliterator.forEachRemaining(ArrayList.java:1708) ~[na:na]
	at java.base/java.util.stream.AbstractPipeline.copyInto(AbstractPipeline.java:509) ~[na:na]
	at java.base/java.util.stream.AbstractPipeline.wrapAndCopyInto(AbstractPipeline.java:499) ~[na:na]
	at java.base/java.util.stream.ForEachOps$ForEachOp.evaluateSequential(ForEachOps.java:151) ~[na:na]
	at java.base/java.util.stream.ForEachOps$ForEachOp$OfRef.evaluateSequential(ForEachOps.java:174) ~[na:na]
	at java.base/java.util.stream.AbstractPipeline.evaluate(AbstractPipeline.java:234) ~[na:na]
	at java.base/java.util.stream.ReferencePipeline.forEach(ReferencePipeline.java:596) ~[na:na]
	at org.junit.jupiter.engine.descriptor.ClassBasedTestDescriptor.invokeTestInstancePostProcessors(ClassBasedTestDescriptor.java:377) ~[junit-jupiter-engine-5.11.4.jar:5.11.4]
	at org.junit.jupiter.engine.descriptor.ClassBasedTestDescriptor.lambda$instantiateAndPostProcessTestInstance$7(ClassBasedTestDescriptor.java:290) ~[junit-jupiter-engine-5.11.4.jar:5.11.4]
	at org.junit.platform.engine.support.hierarchical.ThrowableCollector.execute(ThrowableCollector.java:73) ~[junit-platform-engine-1.11.4.jar:1.11.4]
	at org.junit.jupiter.engine.descriptor.ClassBasedTestDescriptor.instantiateAndPostProcessTestInstance(ClassBasedTestDescriptor.java:289) ~[junit-jupiter-engine-5.11.4.jar:5.11.4]
	at org.junit.jupiter.engine.descriptor.ClassBasedTestDescriptor.lambda$testInstancesProvider$5(ClassBasedTestDescriptor.java:279) ~[junit-jupiter-engine-5.11.4.jar:5.11.4]
	at java.base/java.util.Optional.orElseGet(Optional.java:364) ~[na:na]
	at org.junit.jupiter.engine.descriptor.ClassBasedTestDescriptor.lambda$testInstancesProvider$6(ClassBasedTestDescriptor.java:278) ~[junit-jupiter-engine-5.11.4.jar:5.11.4]
	at org.junit.jupiter.engine.execution.TestInstancesProvider.getTestInstances(TestInstancesProvider.java:31) ~[junit-jupiter-engine-5.11.4.jar:5.11.4]
	at org.junit.jupiter.engine.descriptor.TestMethodTestDescriptor.lambda$prepare$1(TestMethodTestDescriptor.java:105) ~[junit-jupiter-engine-5.11.4.jar:5.11.4]
	at org.junit.platform.engine.support.hierarchical.ThrowableCollector.execute(ThrowableCollector.java:73) ~[junit-platform-engine-1.11.4.jar:1.11.4]
	at org.junit.jupiter.engine.descriptor.TestMethodTestDescriptor.prepare(TestMethodTestDescriptor.java:104) ~[junit-jupiter-engine-5.11.4.jar:5.11.4]
	at org.junit.jupiter.engine.descriptor.TestMethodTestDescriptor.prepare(TestMethodTestDescriptor.java:68) ~[junit-jupiter-engine-5.11.4.jar:5.11.4]
	at org.junit.platform.engine.support.hierarchical.NodeTestTask.lambda$prepare$2(NodeTestTask.java:128) ~[junit-platform-engine-1.11.4.jar:1.11.4]
	at org.junit.platform.engine.support.hierarchical.ThrowableCollector.execute(ThrowableCollector.java:73) ~[junit-platform-engine-1.11.4.jar:1.11.4]
	at org.junit.platform.engine.support.hierarchical.NodeTestTask.prepare(NodeTestTask.java:128) ~[junit-platform-engine-1.11.4.jar:1.11.4]
	at org.junit.platform.engine.support.hierarchical.NodeTestTask.execute(NodeTestTask.java:95) ~[junit-platform-engine-1.11.4.jar:1.11.4]
	at java.base/java.util.ArrayList.forEach(ArrayList.java:1596) ~[na:na]
	at org.junit.platform.engine.support.hierarchical.SameThreadHierarchicalTestExecutorService.invokeAll(SameThreadHierarchicalTestExecutorService.java:41) ~[junit-platform-engine-1.11.4.jar:1.11.4]
	at org.junit.platform.engine.support.hierarchical.NodeTestTask.lambda$executeRecursively$6(NodeTestTask.java:160) ~[junit-platform-engine-1.11.4.jar:1.11.4]
	at org.junit.platform.engine.support.hierarchical.ThrowableCollector.execute(ThrowableCollector.java:73) ~[junit-platform-engine-1.11.4.jar:1.11.4]
	at org.junit.platform.engine.support.hierarchical.NodeTestTask.lambda$executeRecursively$8(NodeTestTask.java:146) ~[junit-platform-engine-1.11.4.jar:1.11.4]
	at org.junit.platform.engine.support.hierarchical.Node.around(Node.java:137) ~[junit-platform-engine-1.11.4.jar:1.11.4]
	at org.junit.platform.engine.support.hierarchical.NodeTestTask.lambda$executeRecursively$9(NodeTestTask.java:144) ~[junit-platform-engine-1.11.4.jar:1.11.4]
	at org.junit.platform.engine.support.hierarchical.ThrowableCollector.execute(ThrowableCollector.java:73) ~[junit-platform-engine-1.11.4.jar:1.11.4]
	at org.junit.platform.engine.support.hierarchical.NodeTestTask.executeRecursively(NodeTestTask.java:143) ~[junit-platform-engine-1.11.4.jar:1.11.4]
	at org.junit.platform.engine.support.hierarchical.NodeTestTask.execute(NodeTestTask.java:100) ~[junit-platform-engine-1.11.4.jar:1.11.4]
	at java.base/java.util.ArrayList.forEach(ArrayList.java:1596) ~[na:na]
	at org.junit.platform.engine.support.hierarchical.SameThreadHierarchicalTestExecutorService.invokeAll(SameThreadHierarchicalTestExecutorService.java:41) ~[junit-platform-engine-1.11.4.jar:1.11.4]
	at org.junit.platform.engine.support.hierarchical.NodeTestTask.lambda$executeRecursively$6(NodeTestTask.java:160) ~[junit-platform-engine-1.11.4.jar:1.11.4]
	at org.junit.platform.engine.support.hierarchical.ThrowableCollector.execute(ThrowableCollector.java:73) ~[junit-platform-engine-1.11.4.jar:1.11.4]
	at org.junit.platform.engine.support.hierarchical.NodeTestTask.lambda$executeRecursively$8(NodeTestTask.java:146) ~[junit-platform-engine-1.11.4.jar:1.11.4]
	at org.junit.platform.engine.support.hierarchical.Node.around(Node.java:137) ~[junit-platform-engine-1.11.4.jar:1.11.4]
	at org.junit.platform.engine.support.hierarchical.NodeTestTask.lambda$executeRecursively$9(NodeTestTask.java:144) ~[junit-platform-engine-1.11.4.jar:1.11.4]
	at org.junit.platform.engine.support.hierarchical.ThrowableCollector.execute(ThrowableCollector.java:73) ~[junit-platform-engine-1.11.4.jar:1.11.4]
	at org.junit.platform.engine.support.hierarchical.NodeTestTask.executeRecursively(NodeTestTask.java:143) ~[junit-platform-engine-1.11.4.jar:1.11.4]
	at org.junit.platform.engine.support.hierarchical.NodeTestTask.execute(NodeTestTask.java:100) ~[junit-platform-engine-1.11.4.jar:1.11.4]
	at org.junit.platform.engine.support.hierarchical.SameThreadHierarchicalTestExecutorService.submit(SameThreadHierarchicalTestExecutorService.java:35) ~[junit-platform-engine-1.11.4.jar:1.11.4]
	at org.junit.platform.engine.support.hierarchical.HierarchicalTestExecutor.execute(HierarchicalTestExecutor.java:57) ~[junit-platform-engine-1.11.4.jar:1.11.4]
	at org.junit.platform.engine.support.hierarchical.HierarchicalTestEngine.execute(HierarchicalTestEngine.java:54) ~[junit-platform-engine-1.11.4.jar:1.11.4]
	at org.junit.platform.launcher.core.EngineExecutionOrchestrator.execute(EngineExecutionOrchestrator.java:198) ~[junit-platform-launcher-1.11.4.jar:1.11.4]
	at org.junit.platform.launcher.core.EngineExecutionOrchestrator.execute(EngineExecutionOrchestrator.java:169) ~[junit-platform-launcher-1.11.4.jar:1.11.4]
	at org.junit.platform.launcher.core.EngineExecutionOrchestrator.execute(EngineExecutionOrchestrator.java:93) ~[junit-platform-launcher-1.11.4.jar:1.11.4]
	at org.junit.platform.launcher.core.EngineExecutionOrchestrator.lambda$execute$0(EngineExecutionOrchestrator.java:58) ~[junit-platform-launcher-1.11.4.jar:1.11.4]
	at org.junit.platform.launcher.core.EngineExecutionOrchestrator.withInterceptedStreams(EngineExecutionOrchestrator.java:141) ~[junit-platform-launcher-1.11.4.jar:1.11.4]
	at org.junit.platform.launcher.core.EngineExecutionOrchestrator.execute(EngineExecutionOrchestrator.java:57) ~[junit-platform-launcher-1.11.4.jar:1.11.4]
	at org.junit.platform.launcher.core.DefaultLauncher.execute(DefaultLauncher.java:103) ~[junit-platform-launcher-1.11.4.jar:1.11.4]
	at org.junit.platform.launcher.core.DefaultLauncher.execute(DefaultLauncher.java:85) ~[junit-platform-launcher-1.11.4.jar:1.11.4]
	at org.junit.platform.launcher.core.DelegatingLauncher.execute(DelegatingLauncher.java:47) ~[junit-platform-launcher-1.11.4.jar:1.11.4]
	at org.apache.maven.surefire.junitplatform.LazyLauncher.execute(LazyLauncher.java:56) ~[surefire-junit-platform-3.5.2.jar:3.5.2]
	at org.apache.maven.surefire.junitplatform.JUnitPlatformProvider.execute(JUnitPlatformProvider.java:184) ~[surefire-junit-platform-3.5.2.jar:3.5.2]
	at org.apache.maven.surefire.junitplatform.JUnitPlatformProvider.invokeAllTests(JUnitPlatformProvider.java:148) ~[surefire-junit-platform-3.5.2.jar:3.5.2]
	at org.apache.maven.surefire.junitplatform.JUnitPlatformProvider.invoke(JUnitPlatformProvider.java:122) ~[surefire-junit-platform-3.5.2.jar:3.5.2]
	at org.apache.maven.surefire.booter.ForkedBooter.runSuitesInProcess(ForkedBooter.java:385) ~[surefire-booter-3.5.2.jar:3.5.2]
	at org.apache.maven.surefire.booter.ForkedBooter.execute(ForkedBooter.java:162) ~[surefire-booter-3.5.2.jar:3.5.2]
	at org.apache.maven.surefire.booter.ForkedBooter.run(ForkedBooter.java:507) ~[surefire-booter-3.5.2.jar:3.5.2]
	at org.apache.maven.surefire.booter.ForkedBooter.main(ForkedBooter.java:495) ~[surefire-booter-3.5.2.jar:3.5.2]
Caused by: org.apache.camel.ResolveEndpointFailedException: Failed to resolve endpoint: activemq://queue:updateInventory due to: Username must also be provided when using username/password as credentials.
	at org.apache.camel.impl.engine.AbstractCamelContext.doGetEndpoint(AbstractCamelContext.java:845) ~[camel-base-engine-4.3.0.jar:4.3.0]
	at org.apache.camel.impl.engine.AbstractCamelContext.getEndpoint(AbstractCamelContext.java:745) ~[camel-base-engine-4.3.0.jar:4.3.0]
	at org.apache.camel.support.CamelContextHelper.resolveEndpoint(CamelContextHelper.java:123) ~[camel-support-4.3.0.jar:4.3.0]
	at org.apache.camel.reifier.SendReifier.resolveEndpoint(SendReifier.java:45) ~[camel-core-reifier-4.3.0.jar:4.3.0]
	at org.apache.camel.reifier.SendReifier.createProcessor(SendReifier.java:37) ~[camel-core-reifier-4.3.0.jar:4.3.0]
	at org.apache.camel.reifier.ProcessorReifier.makeProcessor(ProcessorReifier.java:870) ~[camel-core-reifier-4.3.0.jar:4.3.0]
	at org.apache.camel.reifier.ProcessorReifier.addRoutes(ProcessorReifier.java:610) ~[camel-core-reifier-4.3.0.jar:4.3.0]
	at org.apache.camel.reifier.RouteReifier.doCreateRoute(RouteReifier.java:213) ~[camel-core-reifier-4.3.0.jar:4.3.0]
	... 106 common frames omitted
Caused by: java.lang.IllegalArgumentException: Username must also be provided when using username/password as credentials.
	at org.apache.camel.component.jms.JmsComponent.createEndpoint(JmsComponent.java:1162) ~[camel-jms-4.3.0.jar:4.3.0]
	at org.apache.camel.support.DefaultComponent.createEndpoint(DefaultComponent.java:170) ~[camel-support-4.3.0.jar:4.3.0]
	at org.apache.camel.impl.engine.AbstractCamelContext.doGetEndpoint(AbstractCamelContext.java:811) ~[camel-base-engine-4.3.0.jar:4.3.0]
	... 113 common frames omitted

2025-04-21T17:12:01.394+05:30  WARN 14188 --- [mycart] [           main] o.s.test.context.TestContextManager      : Caught exception while allowing TestExecutionListener [org.springframework.test.context.web.ServletTestExecutionListener] to prepare test instance [com.mycart.mycart.MycartApplicationTests@44a485bc]

java.lang.IllegalStateException: Failed to load ApplicationContext for [WebMergedContextConfiguration@73db7df0 testClass = com.mycart.mycart.MycartApplicationTests, locations = [], classes = [com.mycart.mycart.MycartApplication], contextInitializerClasses = [], activeProfiles = [], propertySourceDescriptors = [], propertySourceProperties = ["org.springframework.boot.test.context.SpringBootTestContextBootstrapper=true"], contextCustomizers = [org.springframework.boot.test.context.filter.ExcludeFilterContextCustomizer@2f01783a, org.springframework.boot.test.json.DuplicateJsonObjectContextCustomizerFactory$DuplicateJsonObjectContextCustomizer@7ac296f6, org.springframework.boot.test.mock.mockito.MockitoContextCustomizer@0, org.springframework.boot.test.web.client.TestRestTemplateContextCustomizer@638ef7ed, org.springframework.boot.test.web.reactor.netty.DisableReactorResourceFactoryGlobalResourcesContextCustomizerFactory$DisableReactorResourceFactoryGlobalResourcesContextCustomizerCustomizer@70e38ce1, org.springframework.boot.test.autoconfigure.OnFailureConditionReportContextCustomizerFactory$OnFailureConditionReportContextCustomizer@1ebea008, org.springframework.boot.test.autoconfigure.actuate.observability.ObservabilityContextCustomizerFactory$DisableObservabilityContextCustomizer@1f, org.springframework.boot.test.autoconfigure.properties.PropertyMappingContextCustomizer@0, org.springframework.boot.test.autoconfigure.web.servlet.WebDriverContextCustomizer@19b89d4, org.springframework.test.context.support.DynamicPropertiesContextCustomizer@0, org.springframework.boot.test.context.SpringBootTestAnnotation@894ac3a0], resourceBasePath = "src/main/webapp", contextLoader = org.springframework.boot.test.context.SpringBootContextLoader, parent = null]
	at org.springframework.test.context.cache.DefaultCacheAwareContextLoaderDelegate.loadContext(DefaultCacheAwareContextLoaderDelegate.java:180) ~[spring-test-6.2.5.jar:6.2.5]
	at org.springframework.test.context.support.DefaultTestContext.getApplicationContext(DefaultTestContext.java:130) ~[spring-test-6.2.5.jar:6.2.5]
	at org.springframework.test.context.web.ServletTestExecutionListener.setUpRequestContextIfNecessary(ServletTestExecutionListener.java:200) ~[spring-test-6.2.5.jar:6.2.5]
	at org.springframework.test.context.web.ServletTestExecutionListener.prepareTestInstance(ServletTestExecutionListener.java:139) ~[spring-test-6.2.5.jar:6.2.5]
	at org.springframework.test.context.TestContextManager.prepareTestInstance(TestContextManager.java:260) ~[spring-test-6.2.5.jar:6.2.5]
	at org.springframework.test.context.junit.jupiter.SpringExtension.postProcessTestInstance(SpringExtension.java:160) ~[spring-test-6.2.5.jar:6.2.5]
	at org.junit.jupiter.engine.descriptor.ClassBasedTestDescriptor.lambda$invokeTestInstancePostProcessors$11(ClassBasedTestDescriptor.java:378) ~[junit-jupiter-engine-5.11.4.jar:5.11.4]
	at org.junit.jupiter.engine.descriptor.ClassBasedTestDescriptor.executeAndMaskThrowable(ClassBasedTestDescriptor.java:383) ~[junit-jupiter-engine-5.11.4.jar:5.11.4]
	at org.junit.jupiter.engine.descriptor.ClassBasedTestDescriptor.lambda$invokeTestInstancePostProcessors$12(ClassBasedTestDescriptor.java:378) ~[junit-jupiter-engine-5.11.4.jar:5.11.4]
	at java.base/java.util.stream.ForEachOps$ForEachOp$OfRef.accept(ForEachOps.java:184) ~[na:na]
	at java.base/java.util.stream.ReferencePipeline$3$1.accept(ReferencePipeline.java:197) ~[na:na]
	at java.base/java.util.stream.ReferencePipeline$2$1.accept(ReferencePipeline.java:179) ~[na:na]
	at java.base/java.util.stream.ReferencePipeline$3$1.accept(ReferencePipeline.java:197) ~[na:na]
	at java.base/java.util.ArrayList$ArrayListSpliterator.forEachRemaining(ArrayList.java:1708) ~[na:na]
	at java.base/java.util.stream.AbstractPipeline.copyInto(AbstractPipeline.java:509) ~[na:na]
	at java.base/java.util.stream.AbstractPipeline.wrapAndCopyInto(AbstractPipeline.java:499) ~[na:na]
	at java.base/java.util.stream.ForEachOps$ForEachOp.evaluateSequential(ForEachOps.java:151) ~[na:na]
	at java.base/java.util.stream.ForEachOps$ForEachOp$OfRef.evaluateSequential(ForEachOps.java:174) ~[na:na]
	at java.base/java.util.stream.AbstractPipeline.evaluate(AbstractPipeline.java:234) ~[na:na]
	at java.base/java.util.stream.ReferencePipeline.forEach(ReferencePipeline.java:596) ~[na:na]
	at org.junit.jupiter.engine.descriptor.ClassBasedTestDescriptor.invokeTestInstancePostProcessors(ClassBasedTestDescriptor.java:377) ~[junit-jupiter-engine-5.11.4.jar:5.11.4]
	at org.junit.jupiter.engine.descriptor.ClassBasedTestDescriptor.lambda$instantiateAndPostProcessTestInstance$7(ClassBasedTestDescriptor.java:290) ~[junit-jupiter-engine-5.11.4.jar:5.11.4]
	at org.junit.platform.engine.support.hierarchical.ThrowableCollector.execute(ThrowableCollector.java:73) ~[junit-platform-engine-1.11.4.jar:1.11.4]
	at org.junit.jupiter.engine.descriptor.ClassBasedTestDescriptor.instantiateAndPostProcessTestInstance(ClassBasedTestDescriptor.java:289) ~[junit-jupiter-engine-5.11.4.jar:5.11.4]
	at org.junit.jupiter.engine.descriptor.ClassBasedTestDescriptor.lambda$testInstancesProvider$5(ClassBasedTestDescriptor.java:279) ~[junit-jupiter-engine-5.11.4.jar:5.11.4]
	at java.base/java.util.Optional.orElseGet(Optional.java:364) ~[na:na]
	at org.junit.jupiter.engine.descriptor.ClassBasedTestDescriptor.lambda$testInstancesProvider$6(ClassBasedTestDescriptor.java:278) ~[junit-jupiter-engine-5.11.4.jar:5.11.4]
	at org.junit.jupiter.engine.execution.TestInstancesProvider.getTestInstances(TestInstancesProvider.java:31) ~[junit-jupiter-engine-5.11.4.jar:5.11.4]
	at org.junit.jupiter.engine.descriptor.TestMethodTestDescriptor.lambda$prepare$1(TestMethodTestDescriptor.java:105) ~[junit-jupiter-engine-5.11.4.jar:5.11.4]
	at org.junit.platform.engine.support.hierarchical.ThrowableCollector.execute(ThrowableCollector.java:73) ~[junit-platform-engine-1.11.4.jar:1.11.4]
	at org.junit.jupiter.engine.descriptor.TestMethodTestDescriptor.prepare(TestMethodTestDescriptor.java:104) ~[junit-jupiter-engine-5.11.4.jar:5.11.4]
	at org.junit.jupiter.engine.descriptor.TestMethodTestDescriptor.prepare(TestMethodTestDescriptor.java:68) ~[junit-jupiter-engine-5.11.4.jar:5.11.4]
	at org.junit.platform.engine.support.hierarchical.NodeTestTask.lambda$prepare$2(NodeTestTask.java:128) ~[junit-platform-engine-1.11.4.jar:1.11.4]
	at org.junit.platform.engine.support.hierarchical.ThrowableCollector.execute(ThrowableCollector.java:73) ~[junit-platform-engine-1.11.4.jar:1.11.4]
	at org.junit.platform.engine.support.hierarchical.NodeTestTask.prepare(NodeTestTask.java:128) ~[junit-platform-engine-1.11.4.jar:1.11.4]
	at org.junit.platform.engine.support.hierarchical.NodeTestTask.execute(NodeTestTask.java:95) ~[junit-platform-engine-1.11.4.jar:1.11.4]
	at java.base/java.util.ArrayList.forEach(ArrayList.java:1596) ~[na:na]
	at org.junit.platform.engine.support.hierarchical.SameThreadHierarchicalTestExecutorService.invokeAll(SameThreadHierarchicalTestExecutorService.java:41) ~[junit-platform-engine-1.11.4.jar:1.11.4]
	at org.junit.platform.engine.support.hierarchical.NodeTestTask.lambda$executeRecursively$6(NodeTestTask.java:160) ~[junit-platform-engine-1.11.4.jar:1.11.4]
	at org.junit.platform.engine.support.hierarchical.ThrowableCollector.execute(ThrowableCollector.java:73) ~[junit-platform-engine-1.11.4.jar:1.11.4]
	at org.junit.platform.engine.support.hierarchical.NodeTestTask.lambda$executeRecursively$8(NodeTestTask.java:146) ~[junit-platform-engine-1.11.4.jar:1.11.4]
	at org.junit.platform.engine.support.hierarchical.Node.around(Node.java:137) ~[junit-platform-engine-1.11.4.jar:1.11.4]
	at org.junit.platform.engine.support.hierarchical.NodeTestTask.lambda$executeRecursively$9(NodeTestTask.java:144) ~[junit-platform-engine-1.11.4.jar:1.11.4]
	at org.junit.platform.engine.support.hierarchical.ThrowableCollector.execute(ThrowableCollector.java:73) ~[junit-platform-engine-1.11.4.jar:1.11.4]
	at org.junit.platform.engine.support.hierarchical.NodeTestTask.executeRecursively(NodeTestTask.java:143) ~[junit-platform-engine-1.11.4.jar:1.11.4]
	at org.junit.platform.engine.support.hierarchical.NodeTestTask.execute(NodeTestTask.java:100) ~[junit-platform-engine-1.11.4.jar:1.11.4]
	at java.base/java.util.ArrayList.forEach(ArrayList.java:1596) ~[na:na]
	at org.junit.platform.engine.support.hierarchical.SameThreadHierarchicalTestExecutorService.invokeAll(SameThreadHierarchicalTestExecutorService.java:41) ~[junit-platform-engine-1.11.4.jar:1.11.4]
	at org.junit.platform.engine.support.hierarchical.NodeTestTask.lambda$executeRecursively$6(NodeTestTask.java:160) ~[junit-platform-engine-1.11.4.jar:1.11.4]
	at org.junit.platform.engine.support.hierarchical.ThrowableCollector.execute(ThrowableCollector.java:73) ~[junit-platform-engine-1.11.4.jar:1.11.4]
	at org.junit.platform.engine.support.hierarchical.NodeTestTask.lambda$executeRecursively$8(NodeTestTask.java:146) ~[junit-platform-engine-1.11.4.jar:1.11.4]
	at org.junit.platform.engine.support.hierarchical.Node.around(Node.java:137) ~[junit-platform-engine-1.11.4.jar:1.11.4]
	at org.junit.platform.engine.support.hierarchical.NodeTestTask.lambda$executeRecursively$9(NodeTestTask.java:144) ~[junit-platform-engine-1.11.4.jar:1.11.4]
	at org.junit.platform.engine.support.hierarchical.ThrowableCollector.execute(ThrowableCollector.java:73) ~[junit-platform-engine-1.11.4.jar:1.11.4]
	at org.junit.platform.engine.support.hierarchical.NodeTestTask.executeRecursively(NodeTestTask.java:143) ~[junit-platform-engine-1.11.4.jar:1.11.4]
	at org.junit.platform.engine.support.hierarchical.NodeTestTask.execute(NodeTestTask.java:100) ~[junit-platform-engine-1.11.4.jar:1.11.4]
	at org.junit.platform.engine.support.hierarchical.SameThreadHierarchicalTestExecutorService.submit(SameThreadHierarchicalTestExecutorService.java:35) ~[junit-platform-engine-1.11.4.jar:1.11.4]
	at org.junit.platform.engine.support.hierarchical.HierarchicalTestExecutor.execute(HierarchicalTestExecutor.java:57) ~[junit-platform-engine-1.11.4.jar:1.11.4]
	at org.junit.platform.engine.support.hierarchical.HierarchicalTestEngine.execute(HierarchicalTestEngine.java:54) ~[junit-platform-engine-1.11.4.jar:1.11.4]
	at org.junit.platform.launcher.core.EngineExecutionOrchestrator.execute(EngineExecutionOrchestrator.java:198) ~[junit-platform-launcher-1.11.4.jar:1.11.4]
	at org.junit.platform.launcher.core.EngineExecutionOrchestrator.execute(EngineExecutionOrchestrator.java:169) ~[junit-platform-launcher-1.11.4.jar:1.11.4]
	at org.junit.platform.launcher.core.EngineExecutionOrchestrator.execute(EngineExecutionOrchestrator.java:93) ~[junit-platform-launcher-1.11.4.jar:1.11.4]
	at org.junit.platform.launcher.core.EngineExecutionOrchestrator.lambda$execute$0(EngineExecutionOrchestrator.java:58) ~[junit-platform-launcher-1.11.4.jar:1.11.4]
	at org.junit.platform.launcher.core.EngineExecutionOrchestrator.withInterceptedStreams(EngineExecutionOrchestrator.java:141) ~[junit-platform-launcher-1.11.4.jar:1.11.4]
	at org.junit.platform.launcher.core.EngineExecutionOrchestrator.execute(EngineExecutionOrchestrator.java:57) ~[junit-platform-launcher-1.11.4.jar:1.11.4]
	at org.junit.platform.launcher.core.DefaultLauncher.execute(DefaultLauncher.java:103) ~[junit-platform-launcher-1.11.4.jar:1.11.4]
	at org.junit.platform.launcher.core.DefaultLauncher.execute(DefaultLauncher.java:85) ~[junit-platform-launcher-1.11.4.jar:1.11.4]
	at org.junit.platform.launcher.core.DelegatingLauncher.execute(DelegatingLauncher.java:47) ~[junit-platform-launcher-1.11.4.jar:1.11.4]
	at org.apache.maven.surefire.junitplatform.LazyLauncher.execute(LazyLauncher.java:56) ~[surefire-junit-platform-3.5.2.jar:3.5.2]
	at org.apache.maven.surefire.junitplatform.JUnitPlatformProvider.execute(JUnitPlatformProvider.java:184) ~[surefire-junit-platform-3.5.2.jar:3.5.2]
	at org.apache.maven.surefire.junitplatform.JUnitPlatformProvider.invokeAllTests(JUnitPlatformProvider.java:148) ~[surefire-junit-platform-3.5.2.jar:3.5.2]
	at org.apache.maven.surefire.junitplatform.JUnitPlatformProvider.invoke(JUnitPlatformProvider.java:122) ~[surefire-junit-platform-3.5.2.jar:3.5.2]
	at org.apache.maven.surefire.booter.ForkedBooter.runSuitesInProcess(ForkedBooter.java:385) ~[surefire-booter-3.5.2.jar:3.5.2]
	at org.apache.maven.surefire.booter.ForkedBooter.execute(ForkedBooter.java:162) ~[surefire-booter-3.5.2.jar:3.5.2]
	at org.apache.maven.surefire.booter.ForkedBooter.run(ForkedBooter.java:507) ~[surefire-booter-3.5.2.jar:3.5.2]
	at org.apache.maven.surefire.booter.ForkedBooter.main(ForkedBooter.java:495) ~[surefire-booter-3.5.2.jar:3.5.2]
Caused by: org.apache.camel.FailedToCreateRouteException: Failed to create route route9 at: >>> To[activemq:queue:updateInventory] <<< in route: Route(route9)[From[direct:inventoryInput] -> [OnException[[j... because of Failed to resolve endpoint: activemq://queue:updateInventory due to: Username must also be provided when using username/password as credentials.
	at org.apache.camel.reifier.RouteReifier.doCreateRoute(RouteReifier.java:217) ~[camel-core-reifier-4.3.0.jar:4.3.0]
	at org.apache.camel.reifier.RouteReifier.createRoute(RouteReifier.java:76) ~[camel-core-reifier-4.3.0.jar:4.3.0]
	at org.apache.camel.impl.DefaultModelReifierFactory.createRoute(DefaultModelReifierFactory.java:49) ~[camel-core-engine-4.3.0.jar:4.3.0]
	at org.apache.camel.impl.DefaultCamelContext.startRouteDefinitions(DefaultCamelContext.java:724) ~[camel-core-engine-4.3.0.jar:4.3.0]
	at org.apache.camel.impl.DefaultCamelContext.startRouteDefinitions(DefaultCamelContext.java:590) ~[camel-core-engine-4.3.0.jar:4.3.0]
	at org.apache.camel.impl.engine.AbstractCamelContext.doInit(AbstractCamelContext.java:2364) ~[camel-base-engine-4.3.0.jar:4.3.0]
	at org.apache.camel.support.service.BaseService.init(BaseService.java:78) ~[camel-api-4.3.0.jar:4.3.0]
	at org.apache.camel.impl.engine.AbstractCamelContext.init(AbstractCamelContext.java:2000) ~[camel-base-engine-4.3.0.jar:4.3.0]
	at org.apache.camel.support.service.BaseService.start(BaseService.java:105) ~[camel-api-4.3.0.jar:4.3.0]
	at org.apache.camel.impl.engine.AbstractCamelContext.start(AbstractCamelContext.java:2019) ~[camel-base-engine-4.3.0.jar:4.3.0]
	at org.apache.camel.impl.DefaultCamelContext.start(DefaultCamelContext.java:208) ~[camel-core-engine-4.3.0.jar:4.3.0]
	at org.apache.camel.spring.SpringCamelContext.start(SpringCamelContext.java:119) ~[camel-spring-4.3.0.jar:4.3.0]
	at org.apache.camel.spring.SpringCamelContext.onApplicationEvent(SpringCamelContext.java:151) ~[camel-spring-4.3.0.jar:4.3.0]
	at org.springframework.context.event.SimpleApplicationEventMulticaster.doInvokeListener(SimpleApplicationEventMulticaster.java:185) ~[spring-context-6.2.5.jar:6.2.5]
	at org.springframework.context.event.SimpleApplicationEventMulticaster.invokeListener(SimpleApplicationEventMulticaster.java:178) ~[spring-context-6.2.5.jar:6.2.5]
	at org.springframework.context.event.SimpleApplicationEventMulticaster.multicastEvent(SimpleApplicationEventMulticaster.java:156) ~[spring-context-6.2.5.jar:6.2.5]
	at org.springframework.context.support.AbstractApplicationContext.publishEvent(AbstractApplicationContext.java:454) ~[spring-context-6.2.5.jar:6.2.5]
	at org.springframework.context.support.AbstractApplicationContext.publishEvent(AbstractApplicationContext.java:387) ~[spring-context-6.2.5.jar:6.2.5]
	at org.springframework.context.support.AbstractApplicationContext.finishRefresh(AbstractApplicationContext.java:1009) ~[spring-context-6.2.5.jar:6.2.5]
	at org.springframework.context.support.AbstractApplicationContext.refresh(AbstractApplicationContext.java:630) ~[spring-context-6.2.5.jar:6.2.5]
	at org.springframework.boot.SpringApplication.refresh(SpringApplication.java:752) ~[spring-boot-3.4.4.jar:3.4.4]
	at org.springframework.boot.SpringApplication.refreshContext(SpringApplication.java:439) ~[spring-boot-3.4.4.jar:3.4.4]
	at org.springframework.boot.SpringApplication.run(SpringApplication.java:318) ~[spring-boot-3.4.4.jar:3.4.4]
	at org.springframework.boot.test.context.SpringBootContextLoader.lambda$loadContext$3(SpringBootContextLoader.java:144) ~[spring-boot-test-3.4.4.jar:3.4.4]
	at org.springframework.util.function.ThrowingSupplier.get(ThrowingSupplier.java:58) ~[spring-core-6.2.5.jar:6.2.5]
	at org.springframework.util.function.ThrowingSupplier.get(ThrowingSupplier.java:46) ~[spring-core-6.2.5.jar:6.2.5]
	at org.springframework.boot.SpringApplication.withHook(SpringApplication.java:1461) ~[spring-boot-3.4.4.jar:3.4.4]
	at org.springframework.boot.test.context.SpringBootContextLoader$ContextLoaderHook.run(SpringBootContextLoader.java:563) ~[spring-boot-test-3.4.4.jar:3.4.4]
	at org.springframework.boot.test.context.SpringBootContextLoader.loadContext(SpringBootContextLoader.java:144) ~[spring-boot-test-3.4.4.jar:3.4.4]
	at org.springframework.boot.test.context.SpringBootContextLoader.loadContext(SpringBootContextLoader.java:110) ~[spring-boot-test-3.4.4.jar:3.4.4]
	at org.springframework.test.context.cache.DefaultCacheAwareContextLoaderDelegate.loadContextInternal(DefaultCacheAwareContextLoaderDelegate.java:225) ~[spring-test-6.2.5.jar:6.2.5]
	at org.springframework.test.context.cache.DefaultCacheAwareContextLoaderDelegate.loadContext(DefaultCacheAwareContextLoaderDelegate.java:152) ~[spring-test-6.2.5.jar:6.2.5]
	... 75 common frames omitted
Caused by: org.apache.camel.ResolveEndpointFailedException: Failed to resolve endpoint: activemq://queue:updateInventory due to: Username must also be provided when using username/password as credentials.
	at org.apache.camel.impl.engine.AbstractCamelContext.doGetEndpoint(AbstractCamelContext.java:845) ~[camel-base-engine-4.3.0.jar:4.3.0]
	at org.apache.camel.impl.engine.AbstractCamelContext.getEndpoint(AbstractCamelContext.java:745) ~[camel-base-engine-4.3.0.jar:4.3.0]
	at org.apache.camel.support.CamelContextHelper.resolveEndpoint(CamelContextHelper.java:123) ~[camel-support-4.3.0.jar:4.3.0]
	at org.apache.camel.reifier.SendReifier.resolveEndpoint(SendReifier.java:45) ~[camel-core-reifier-4.3.0.jar:4.3.0]
	at org.apache.camel.reifier.SendReifier.createProcessor(SendReifier.java:37) ~[camel-core-reifier-4.3.0.jar:4.3.0]
	at org.apache.camel.reifier.ProcessorReifier.makeProcessor(ProcessorReifier.java:870) ~[camel-core-reifier-4.3.0.jar:4.3.0]
	at org.apache.camel.reifier.ProcessorReifier.addRoutes(ProcessorReifier.java:610) ~[camel-core-reifier-4.3.0.jar:4.3.0]
	at org.apache.camel.reifier.RouteReifier.doCreateRoute(RouteReifier.java:213) ~[camel-core-reifier-4.3.0.jar:4.3.0]
	... 106 common frames omitted
Caused by: java.lang.IllegalArgumentException: Username must also be provided when using username/password as credentials.
	at org.apache.camel.component.jms.JmsComponent.createEndpoint(JmsComponent.java:1162) ~[camel-jms-4.3.0.jar:4.3.0]
	at org.apache.camel.support.DefaultComponent.createEndpoint(DefaultComponent.java:170) ~[camel-support-4.3.0.jar:4.3.0]
	at org.apache.camel.impl.engine.AbstractCamelContext.doGetEndpoint(AbstractCamelContext.java:811) ~[camel-base-engine-4.3.0.jar:4.3.0]
	... 113 common frames omitted

]]></system-out>
    <system-err><![CDATA[


============================
CONDITIONS EVALUATION REPORT
============================


Positive matches:
-----------------

   ActiveMQComponentAutoConfiguration matched:
      - camel.component enabled (OnHierarchicalPropertiesCondition)
      - AllNestedConditions 2 matched 0 did not; NestedCondition on ConditionalOnCamelContextAndAutoConfigurationBeans.OnCamelAutoConfiguration @ConditionalOnBean (types: org.apache.camel.spring.boot.CamelAutoConfiguration; SearchStrategy: all) found bean 'org.apache.camel.spring.boot.CamelAutoConfiguration'; NestedCondition on ConditionalOnCamelContextAndAutoConfigurationBeans.OnCamelContext @ConditionalOnBean (types: org.apache.camel.CamelContext; SearchStrategy: all) found bean 'camelContext' (ConditionalOnCamelContextAndAutoConfigurationBeans)

   ActiveMQConnectionFactoryConfiguration.SimpleConnectionFactoryConfiguration matched:
      - @ConditionalOnProperty (spring.activemq.pool.enabled=false) matched (OnPropertyCondition)

   ActiveMQConnectionFactoryConfiguration.SimpleConnectionFactoryConfiguration.CachingConnectionFactoryConfiguration matched:
      - @ConditionalOnClass found required class 'org.springframework.jms.connection.CachingConnectionFactory' (OnClassCondition)
      - @ConditionalOnProperty (spring.jms.cache.enabled=true) matched (OnPropertyCondition)

   AopAutoConfiguration matched:
      - @ConditionalOnProperty (spring.aop.auto=true) matched (OnPropertyCondition)

   AopAutoConfiguration.ClassProxyingConfiguration matched:
      - @ConditionalOnMissingClass did not find unwanted class 'org.aspectj.weaver.Advice' (OnClassCondition)
      - @ConditionalOnProperty (spring.aop.proxy-target-class=true) matched (OnPropertyCondition)

   ApplicationAvailabilityAutoConfiguration#applicationAvailability matched:
      - @ConditionalOnMissingBean (types: org.springframework.boot.availability.ApplicationAvailability; SearchStrategy: all) did not find any beans (OnBeanCondition)

   AwsVaultAutoConfiguration matched:
      - @ConditionalOnBean (types: org.apache.camel.spring.boot.CamelAutoConfiguration; SearchStrategy: all) found bean 'org.apache.camel.spring.boot.CamelAutoConfiguration' (OnBeanCondition)

   AzureVaultAutoConfiguration matched:
      - @ConditionalOnBean (types: org.apache.camel.spring.boot.CamelAutoConfiguration; SearchStrategy: all) found bean 'org.apache.camel.spring.boot.CamelAutoConfiguration' (OnBeanCondition)

   BeanComponentAutoConfiguration matched:
      - camel.component enabled (OnHierarchicalPropertiesCondition)
      - AllNestedConditions 2 matched 0 did not; NestedCondition on ConditionalOnCamelContextAndAutoConfigurationBeans.OnCamelAutoConfiguration @ConditionalOnBean (types: org.apache.camel.spring.boot.CamelAutoConfiguration; SearchStrategy: all) found bean 'org.apache.camel.spring.boot.CamelAutoConfiguration'; NestedCondition on ConditionalOnCamelContextAndAutoConfigurationBeans.OnCamelContext @ConditionalOnBean (types: org.apache.camel.CamelContext; SearchStrategy: all) found bean 'camelContext' (ConditionalOnCamelContextAndAutoConfigurationBeans)

   BeanLanguageAutoConfiguration matched:
      - camel.language enabled (OnHierarchicalPropertiesCondition)
      - AllNestedConditions 2 matched 0 did not; NestedCondition on ConditionalOnCamelContextAndAutoConfigurationBeans.OnCamelAutoConfiguration @ConditionalOnBean (types: org.apache.camel.spring.boot.CamelAutoConfiguration; SearchStrategy: all) found bean 'org.apache.camel.spring.boot.CamelAutoConfiguration'; NestedCondition on ConditionalOnCamelContextAndAutoConfigurationBeans.OnCamelContext @ConditionalOnBean (types: org.apache.camel.CamelContext; SearchStrategy: all) found bean 'camelContext' (ConditionalOnCamelContextAndAutoConfigurationBeans)

   BrowseComponentAutoConfiguration matched:
      - camel.component enabled (OnHierarchicalPropertiesCondition)
      - AllNestedConditions 2 matched 0 did not; NestedCondition on ConditionalOnCamelContextAndAutoConfigurationBeans.OnCamelAutoConfiguration @ConditionalOnBean (types: org.apache.camel.spring.boot.CamelAutoConfiguration; SearchStrategy: all) found bean 'org.apache.camel.spring.boot.CamelAutoConfiguration'; NestedCondition on ConditionalOnCamelContextAndAutoConfigurationBeans.OnCamelContext @ConditionalOnBean (types: org.apache.camel.CamelContext; SearchStrategy: all) found bean 'camelContext' (ConditionalOnCamelContextAndAutoConfigurationBeans)

   CSimpleLanguageAutoConfiguration matched:
      - camel.language enabled (OnHierarchicalPropertiesCondition)
      - AllNestedConditions 2 matched 0 did not; NestedCondition on ConditionalOnCamelContextAndAutoConfigurationBeans.OnCamelAutoConfiguration @ConditionalOnBean (types: org.apache.camel.spring.boot.CamelAutoConfiguration; SearchStrategy: all) found bean 'org.apache.camel.spring.boot.CamelAutoConfiguration'; NestedCondition on ConditionalOnCamelContextAndAutoConfigurationBeans.OnCamelContext @ConditionalOnBean (types: org.apache.camel.CamelContext; SearchStrategy: all) found bean 'camelContext' (ConditionalOnCamelContextAndAutoConfigurationBeans)

   CamelAutoConfiguration#camelContext matched:
      - @ConditionalOnMissingBean (types: org.apache.camel.CamelContext; SearchStrategy: all) did not find any beans (OnBeanCondition)

   CamelAutoConfiguration#consumerTemplate matched:
      - @ConditionalOnMissingBean (types: org.apache.camel.ConsumerTemplate; SearchStrategy: all) did not find any beans (OnBeanCondition)

   CamelAutoConfiguration#fluentProducerTemplate matched:
      - @ConditionalOnMissingBean (types: org.apache.camel.FluentProducerTemplate; SearchStrategy: all) did not find any beans (OnBeanCondition)

   CamelAutoConfiguration#producerTemplate matched:
      - @ConditionalOnMissingBean (types: org.apache.camel.ProducerTemplate; SearchStrategy: all) did not find any beans (OnBeanCondition)

   CamelAutoConfiguration#propertiesParser matched:
      - @ConditionalOnMissingBean (types: org.apache.camel.component.properties.PropertiesParser; SearchStrategy: all) did not find any beans (OnBeanCondition)

   CamelAutoConfiguration#routesCollector matched:
      - @ConditionalOnMissingClass did not find unwanted class 'org.apache.camel.spring.boot.endpointdsl.EndpointDslRouteCollector' (OnClassCondition)
      - @ConditionalOnMissingBean (types: org.apache.camel.main.RoutesCollector; SearchStrategy: all) did not find any beans (OnBeanCondition)

   CamelAutoConfiguration#routesCollectorListener matched:
      - @ConditionalOnMissingBean (types: org.apache.camel.spring.boot.CamelSpringBootApplicationListener; SearchStrategy: all) did not find any beans (OnBeanCondition)

   CamelAvailabilityCheckAutoConfiguration matched:
      - @ConditionalOnBean (types: org.apache.camel.spring.boot.CamelAutoConfiguration; SearchStrategy: all) found bean 'org.apache.camel.spring.boot.CamelAutoConfiguration' (OnBeanCondition)

   CamelCloudAutoConfiguration matched:
      - @ConditionalOnProperty (camel.cloud.enabled) matched (OnPropertyCondition)
      - @ConditionalOnBean (types: org.apache.camel.spring.boot.CamelAutoConfiguration; SearchStrategy: all) found bean 'org.apache.camel.spring.boot.CamelAutoConfiguration' (OnBeanCondition)

   CamelCloudServiceCallConfigurationAutoConfiguration matched:
      - camel.cloud.service-call enabled (CamelCloudServiceCallConfigurationAutoConfiguration.ServiceCallCondition)
      - @ConditionalOnBean (types: org.apache.camel.spring.boot.cloud.CamelCloudAutoConfiguration,org.apache.camel.CamelContext; SearchStrategy: all) found beans 'org.apache.camel.spring.boot.cloud.CamelCloudAutoConfiguration', 'camelContext' (OnBeanCondition)

   CamelCloudServiceCallConfigurationAutoConfiguration#serviceCallConfiguration matched:
      - @ConditionalOnMissingBean (names: service-call-configuration; SearchStrategy: all) did not find any beans (OnBeanCondition)

   CamelCloudServiceChooserAutoConfiguration matched:
      - camel.cloud.service-chooser enabled (CamelCloudServiceChooserAutoConfiguration.ServiceChooserCondition)
      - @ConditionalOnBean (types: org.apache.camel.spring.boot.cloud.CamelCloudAutoConfiguration; SearchStrategy: all) found bean 'org.apache.camel.spring.boot.cloud.CamelCloudAutoConfiguration' (OnBeanCondition)

   CamelCloudServiceDiscoveryAutoConfiguration matched:
      - camel.cloud.service-discovery enabled (CamelCloudServiceDiscoveryAutoConfiguration.Condition)
      - @ConditionalOnBean (types: org.apache.camel.spring.boot.cloud.CamelCloudAutoConfiguration; SearchStrategy: all) found bean 'org.apache.camel.spring.boot.cloud.CamelCloudAutoConfiguration' (OnBeanCondition)

   CamelCloudServiceFilterAutoConfiguration matched:
      - camel.cloud.service-filter enabled (CamelCloudServiceFilterAutoConfiguration.Condition)
      - @ConditionalOnBean (types: org.apache.camel.spring.boot.cloud.CamelCloudAutoConfiguration; SearchStrategy: all) found bean 'org.apache.camel.spring.boot.cloud.CamelCloudAutoConfiguration' (OnBeanCondition)

   CamelDebugAutoConfiguration matched:
      - @ConditionalOnBean (types: org.apache.camel.spring.boot.CamelAutoConfiguration; SearchStrategy: all) found bean 'org.apache.camel.spring.boot.CamelAutoConfiguration' (OnBeanCondition)

   CamelHealthCheckAutoConfiguration matched:
      - @ConditionalOnClass found required class 'org.springframework.boot.actuate.health.HealthIndicator' (OnClassCondition)
      - @ConditionalOnBean (types: org.apache.camel.spring.boot.CamelAutoConfiguration; SearchStrategy: all) found bean 'org.apache.camel.spring.boot.CamelAutoConfiguration' (OnBeanCondition)

   CamelHealthCheckAutoConfiguration.CamelHealthCheckIndicatorInitializer matched:
      - @ConditionalOnClass found required class 'org.apache.camel.CamelContext' (OnClassCondition)
      - @ConditionalOnMissingBean (types: org.apache.camel.spring.boot.actuate.health.CamelHealthCheckIndicator; SearchStrategy: all) did not find any beans (OnBeanCondition)

   CamelInfoAutoConfiguration matched:
      - @ConditionalOnClass found required class 'org.springframework.boot.actuate.info.InfoContributor' (OnClassCondition)
      - @ConditionalOnBean (types: org.apache.camel.spring.boot.CamelAutoConfiguration; SearchStrategy: all) found bean 'org.apache.camel.spring.boot.CamelAutoConfiguration' (OnBeanCondition)

   CamelInfoAutoConfiguration.CamelInfoContributorInitializer matched:
      - @ConditionalOnClass found required class 'org.apache.camel.CamelContext' (OnClassCondition)
      - @ConditionalOnMissingBean (types: org.apache.camel.spring.boot.actuate.info.CamelInfoContributor; SearchStrategy: all) did not find any beans (OnBeanCondition)

   CamelRouteControllerEndpointAutoConfiguration matched:
      - @ConditionalOnBean (types: org.apache.camel.spring.boot.CamelAutoConfiguration; SearchStrategy: all) found bean 'org.apache.camel.spring.boot.CamelAutoConfiguration' (OnBeanCondition)

   CamelRouteControllerEndpointAutoConfiguration#routeControllerEndpoint matched:
      - @ConditionalOnClass found required class 'org.apache.camel.CamelContext' (OnClassCondition)
      - @ConditionalOnMissingBean (types: org.apache.camel.spring.boot.actuate.endpoint.CamelRouteControllerEndpoint; SearchStrategy: all) did not find any beans (OnBeanCondition)

   CamelRouteTemplateAutoConfiguration matched:
      - @ConditionalOnBean (types: org.apache.camel.spring.boot.CamelAutoConfiguration; SearchStrategy: all) found bean 'org.apache.camel.spring.boot.CamelAutoConfiguration' (OnBeanCondition)

   CamelRoutesEndpointAutoConfiguration matched:
      - @ConditionalOnBean (types: org.apache.camel.spring.boot.CamelAutoConfiguration; SearchStrategy: all) found bean 'org.apache.camel.spring.boot.CamelAutoConfiguration' (OnBeanCondition)

   CamelRoutesEndpointAutoConfiguration#camelEndpoint matched:
      - @ConditionalOnClass found required class 'org.apache.camel.CamelContext' (OnClassCondition)
      - @ConditionalOnMissingBean (types: org.apache.camel.spring.boot.actuate.endpoint.CamelRoutesEndpoint; SearchStrategy: all) did not find any beans (OnBeanCondition)

   CamelThreadPoolAutoConfiguration matched:
      - @ConditionalOnBean (types: org.apache.camel.spring.boot.CamelAutoConfiguration; SearchStrategy: all) found bean 'org.apache.camel.spring.boot.CamelAutoConfiguration' (OnBeanCondition)

   ClassComponentAutoConfiguration matched:
      - camel.component enabled (OnHierarchicalPropertiesCondition)
      - AllNestedConditions 2 matched 0 did not; NestedCondition on ConditionalOnCamelContextAndAutoConfigurationBeans.OnCamelAutoConfiguration @ConditionalOnBean (types: org.apache.camel.spring.boot.CamelAutoConfiguration; SearchStrategy: all) found bean 'org.apache.camel.spring.boot.CamelAutoConfiguration'; NestedCondition on ConditionalOnCamelContextAndAutoConfigurationBeans.OnCamelContext @ConditionalOnBean (types: org.apache.camel.CamelContext; SearchStrategy: all) found bean 'camelContext' (ConditionalOnCamelContextAndAutoConfigurationBeans)

   ConstantLanguageAutoConfiguration matched:
      - camel.language enabled (OnHierarchicalPropertiesCondition)
      - AllNestedConditions 2 matched 0 did not; NestedCondition on ConditionalOnCamelContextAndAutoConfigurationBeans.OnCamelAutoConfiguration @ConditionalOnBean (types: org.apache.camel.spring.boot.CamelAutoConfiguration; SearchStrategy: all) found bean 'org.apache.camel.spring.boot.CamelAutoConfiguration'; NestedCondition on ConditionalOnCamelContextAndAutoConfigurationBeans.OnCamelContext @ConditionalOnBean (types: org.apache.camel.CamelContext; SearchStrategy: all) found bean 'camelContext' (ConditionalOnCamelContextAndAutoConfigurationBeans)

   ControlBusComponentAutoConfiguration matched:
      - camel.component enabled (OnHierarchicalPropertiesCondition)
      - AllNestedConditions 2 matched 0 did not; NestedCondition on ConditionalOnCamelContextAndAutoConfigurationBeans.OnCamelAutoConfiguration @ConditionalOnBean (types: org.apache.camel.spring.boot.CamelAutoConfiguration; SearchStrategy: all) found bean 'org.apache.camel.spring.boot.CamelAutoConfiguration'; NestedCondition on ConditionalOnCamelContextAndAutoConfigurationBeans.OnCamelContext @ConditionalOnBean (types: org.apache.camel.CamelContext; SearchStrategy: all) found bean 'camelContext' (ConditionalOnCamelContextAndAutoConfigurationBeans)

   DataFormatComponentAutoConfiguration matched:
      - camel.component enabled (OnHierarchicalPropertiesCondition)
      - AllNestedConditions 2 matched 0 did not; NestedCondition on ConditionalOnCamelContextAndAutoConfigurationBeans.OnCamelAutoConfiguration @ConditionalOnBean (types: org.apache.camel.spring.boot.CamelAutoConfiguration; SearchStrategy: all) found bean 'org.apache.camel.spring.boot.CamelAutoConfiguration'; NestedCondition on ConditionalOnCamelContextAndAutoConfigurationBeans.OnCamelContext @ConditionalOnBean (types: org.apache.camel.CamelContext; SearchStrategy: all) found bean 'camelContext' (ConditionalOnCamelContextAndAutoConfigurationBeans)

   DataSetComponentAutoConfiguration matched:
      - camel.component enabled (OnHierarchicalPropertiesCondition)
      - AllNestedConditions 2 matched 0 did not; NestedCondition on ConditionalOnCamelContextAndAutoConfigurationBeans.OnCamelAutoConfiguration @ConditionalOnBean (types: org.apache.camel.spring.boot.CamelAutoConfiguration; SearchStrategy: all) found bean 'org.apache.camel.spring.boot.CamelAutoConfiguration'; NestedCondition on ConditionalOnCamelContextAndAutoConfigurationBeans.OnCamelContext @ConditionalOnBean (types: org.apache.camel.CamelContext; SearchStrategy: all) found bean 'camelContext' (ConditionalOnCamelContextAndAutoConfigurationBeans)

   DataSetTestComponentAutoConfiguration matched:
      - camel.component enabled (OnHierarchicalPropertiesCondition)
      - AllNestedConditions 2 matched 0 did not; NestedCondition on ConditionalOnCamelContextAndAutoConfigurationBeans.OnCamelAutoConfiguration @ConditionalOnBean (types: org.apache.camel.spring.boot.CamelAutoConfiguration; SearchStrategy: all) found bean 'org.apache.camel.spring.boot.CamelAutoConfiguration'; NestedCondition on ConditionalOnCamelContextAndAutoConfigurationBeans.OnCamelContext @ConditionalOnBean (types: org.apache.camel.CamelContext; SearchStrategy: all) found bean 'camelContext' (ConditionalOnCamelContextAndAutoConfigurationBeans)

   DirectComponentAutoConfiguration matched:
      - camel.component enabled (OnHierarchicalPropertiesCondition)
      - AllNestedConditions 2 matched 0 did not; NestedCondition on ConditionalOnCamelContextAndAutoConfigurationBeans.OnCamelAutoConfiguration @ConditionalOnBean (types: org.apache.camel.spring.boot.CamelAutoConfiguration; SearchStrategy: all) found bean 'org.apache.camel.spring.boot.CamelAutoConfiguration'; NestedCondition on ConditionalOnCamelContextAndAutoConfigurationBeans.OnCamelContext @ConditionalOnBean (types: org.apache.camel.CamelContext; SearchStrategy: all) found bean 'camelContext' (ConditionalOnCamelContextAndAutoConfigurationBeans)

   DispatcherServletAutoConfiguration matched:
      - @ConditionalOnClass found required class 'org.springframework.web.servlet.DispatcherServlet' (OnClassCondition)
      - found 'session' scope (OnWebApplicationCondition)

   DispatcherServletAutoConfiguration.DispatcherServletConfiguration matched:
      - @ConditionalOnClass found required class 'jakarta.servlet.ServletRegistration' (OnClassCondition)
      - Default DispatcherServlet did not find dispatcher servlet beans (DispatcherServletAutoConfiguration.DefaultDispatcherServletCondition)

   DispatcherServletAutoConfiguration.DispatcherServletRegistrationConfiguration matched:
      - @ConditionalOnClass found required class 'jakarta.servlet.ServletRegistration' (OnClassCondition)
      - DispatcherServlet Registration did not find servlet registration bean (DispatcherServletAutoConfiguration.DispatcherServletRegistrationCondition)

   DispatcherServletAutoConfiguration.DispatcherServletRegistrationConfiguration#dispatcherServletRegistration matched:
      - @ConditionalOnBean (names: dispatcherServlet types: org.springframework.web.servlet.DispatcherServlet; SearchStrategy: all) found bean 'dispatcherServlet' (OnBeanCondition)

   ErrorMvcAutoConfiguration matched:
      - @ConditionalOnClass found required classes 'jakarta.servlet.Servlet', 'org.springframework.web.servlet.DispatcherServlet' (OnClassCondition)
      - found 'session' scope (OnWebApplicationCondition)

   ErrorMvcAutoConfiguration#basicErrorController matched:
      - @ConditionalOnMissingBean (types: org.springframework.boot.web.servlet.error.ErrorController; SearchStrategy: current) did not find any beans (OnBeanCondition)

   ErrorMvcAutoConfiguration#errorAttributes matched:
      - @ConditionalOnMissingBean (types: org.springframework.boot.web.servlet.error.ErrorAttributes; SearchStrategy: current) did not find any beans (OnBeanCondition)

   ErrorMvcAutoConfiguration.DefaultErrorViewResolverConfiguration#conventionErrorViewResolver matched:
      - @ConditionalOnBean (types: org.springframework.web.servlet.DispatcherServlet; SearchStrategy: all) found bean 'dispatcherServlet'; @ConditionalOnMissingBean (types: org.springframework.boot.autoconfigure.web.servlet.error.ErrorViewResolver; SearchStrategy: all) did not find any beans (OnBeanCondition)

   ErrorMvcAutoConfiguration.WhitelabelErrorViewConfiguration matched:
      - @ConditionalOnProperty (server.error.whitelabel.enabled) matched (OnPropertyCondition)
      - ErrorTemplate Missing did not find error template view (ErrorMvcAutoConfiguration.ErrorTemplateMissingCondition)

   ErrorMvcAutoConfiguration.WhitelabelErrorViewConfiguration#beanNameViewResolver matched:
      - @ConditionalOnMissingBean (types: org.springframework.web.servlet.view.BeanNameViewResolver; SearchStrategy: all) did not find any beans (OnBeanCondition)

   ErrorMvcAutoConfiguration.WhitelabelErrorViewConfiguration#defaultErrorView matched:
      - @ConditionalOnMissingBean (names: error; SearchStrategy: all) did not find any beans (OnBeanCondition)

   ExchangePropertyLanguageAutoConfiguration matched:
      - camel.language enabled (OnHierarchicalPropertiesCondition)
      - AllNestedConditions 2 matched 0 did not; NestedCondition on ConditionalOnCamelContextAndAutoConfigurationBeans.OnCamelAutoConfiguration @ConditionalOnBean (types: org.apache.camel.spring.boot.CamelAutoConfiguration; SearchStrategy: all) found bean 'org.apache.camel.spring.boot.CamelAutoConfiguration'; NestedCondition on ConditionalOnCamelContextAndAutoConfigurationBeans.OnCamelContext @ConditionalOnBean (types: org.apache.camel.CamelContext; SearchStrategy: all) found bean 'camelContext' (ConditionalOnCamelContextAndAutoConfigurationBeans)

   FileComponentAutoConfiguration matched:
      - camel.component enabled (OnHierarchicalPropertiesCondition)
      - AllNestedConditions 2 matched 0 did not; NestedCondition on ConditionalOnCamelContextAndAutoConfigurationBeans.OnCamelAutoConfiguration @ConditionalOnBean (types: org.apache.camel.spring.boot.CamelAutoConfiguration; SearchStrategy: all) found bean 'org.apache.camel.spring.boot.CamelAutoConfiguration'; NestedCondition on ConditionalOnCamelContextAndAutoConfigurationBeans.OnCamelContext @ConditionalOnBean (types: org.apache.camel.CamelContext; SearchStrategy: all) found bean 'camelContext' (ConditionalOnCamelContextAndAutoConfigurationBeans)

   FileLanguageAutoConfiguration matched:
      - camel.language enabled (OnHierarchicalPropertiesCondition)
      - AllNestedConditions 2 matched 0 did not; NestedCondition on ConditionalOnCamelContextAndAutoConfigurationBeans.OnCamelAutoConfiguration @ConditionalOnBean (types: org.apache.camel.spring.boot.CamelAutoConfiguration; SearchStrategy: all) found bean 'org.apache.camel.spring.boot.CamelAutoConfiguration'; NestedCondition on ConditionalOnCamelContextAndAutoConfigurationBeans.OnCamelContext @ConditionalOnBean (types: org.apache.camel.CamelContext; SearchStrategy: all) found bean 'camelContext' (ConditionalOnCamelContextAndAutoConfigurationBeans)

   GcpVaultAutoConfiguration matched:
      - @ConditionalOnBean (types: org.apache.camel.spring.boot.CamelAutoConfiguration; SearchStrategy: all) found bean 'org.apache.camel.spring.boot.CamelAutoConfiguration' (OnBeanCondition)

   GenericCacheConfiguration matched:
      - Cache org.springframework.boot.autoconfigure.cache.GenericCacheConfiguration automatic cache type (CacheCondition)

   HashicorpVaultAutoConfiguration matched:
      - @ConditionalOnBean (types: org.apache.camel.spring.boot.CamelAutoConfiguration; SearchStrategy: all) found bean 'org.apache.camel.spring.boot.CamelAutoConfiguration' (OnBeanCondition)

   HeaderLanguageAutoConfiguration matched:
      - camel.language enabled (OnHierarchicalPropertiesCondition)
      - AllNestedConditions 2 matched 0 did not; NestedCondition on ConditionalOnCamelContextAndAutoConfigurationBeans.OnCamelAutoConfiguration @ConditionalOnBean (types: org.apache.camel.spring.boot.CamelAutoConfiguration; SearchStrategy: all) found bean 'org.apache.camel.spring.boot.CamelAutoConfiguration'; NestedCondition on ConditionalOnCamelContextAndAutoConfigurationBeans.OnCamelContext @ConditionalOnBean (types: org.apache.camel.CamelContext; SearchStrategy: all) found bean 'camelContext' (ConditionalOnCamelContextAndAutoConfigurationBeans)

   HttpClientAutoConfiguration matched:
      - @ConditionalOnClass found required class 'org.springframework.http.client.ClientHttpRequestFactory' (OnClassCondition)
      - NoneNestedConditions 0 matched 1 did not; NestedCondition on NotReactiveWebApplicationCondition.ReactiveWebApplication did not find reactive web application classes (NotReactiveWebApplicationCondition)

   HttpClientAutoConfiguration#clientHttpRequestFactoryBuilder matched:
      - @ConditionalOnMissingBean (types: org.springframework.boot.http.client.ClientHttpRequestFactoryBuilder; SearchStrategy: all) did not find any beans (OnBeanCondition)

   HttpClientAutoConfiguration#clientHttpRequestFactorySettings matched:
      - @ConditionalOnMissingBean (types: org.springframework.boot.http.client.ClientHttpRequestFactorySettings; SearchStrategy: all) did not find any beans (OnBeanCondition)

   HttpEncodingAutoConfiguration matched:
      - @ConditionalOnClass found required class 'org.springframework.web.filter.CharacterEncodingFilter' (OnClassCondition)
      - found 'session' scope (OnWebApplicationCondition)
      - @ConditionalOnProperty (server.servlet.encoding.enabled) matched (OnPropertyCondition)

   HttpEncodingAutoConfiguration#characterEncodingFilter matched:
      - @ConditionalOnMissingBean (types: org.springframework.web.filter.CharacterEncodingFilter; SearchStrategy: all) did not find any beans (OnBeanCondition)

   HttpMessageConvertersAutoConfiguration matched:
      - @ConditionalOnClass found required class 'org.springframework.http.converter.HttpMessageConverter' (OnClassCondition)
      - NoneNestedConditions 0 matched 1 did not; NestedCondition on HttpMessageConvertersAutoConfiguration.NotReactiveWebApplicationCondition.ReactiveWebApplication did not find reactive web application classes (HttpMessageConvertersAutoConfiguration.NotReactiveWebApplicationCondition)

   HttpMessageConvertersAutoConfiguration#messageConverters matched:
      - @ConditionalOnMissingBean (types: org.springframework.boot.autoconfigure.http.HttpMessageConverters; SearchStrategy: all) did not find any beans (OnBeanCondition)

   HttpMessageConvertersAutoConfiguration.StringHttpMessageConverterConfiguration matched:
      - @ConditionalOnClass found required class 'org.springframework.http.converter.StringHttpMessageConverter' (OnClassCondition)

   HttpMessageConvertersAutoConfiguration.StringHttpMessageConverterConfiguration#stringHttpMessageConverter matched:
      - @ConditionalOnMissingBean (types: org.springframework.http.converter.StringHttpMessageConverter; SearchStrategy: all) did not find any beans (OnBeanCondition)

   JacksonAutoConfiguration matched:
      - @ConditionalOnClass found required class 'com.fasterxml.jackson.databind.ObjectMapper' (OnClassCondition)

   JacksonAutoConfiguration.Jackson2ObjectMapperBuilderCustomizerConfiguration matched:
[...]
         - @ConditionalOnClass did not find required class 'com.mongodb.reactivestreams.client.MongoClient' (OnClassCondition)

   MustacheAutoConfiguration:
      Did not match:
         - @ConditionalOnClass did not find required class 'com.samskivert.mustache.Mustache' (OnClassCondition)

   Neo4jAutoConfiguration:
      Did not match:
         - @ConditionalOnClass did not find required class 'org.neo4j.driver.Driver' (OnClassCondition)

   Neo4jDataAutoConfiguration:
      Did not match:
         - @ConditionalOnClass did not find required class 'org.neo4j.driver.Driver' (OnClassCondition)

   Neo4jReactiveDataAutoConfiguration:
      Did not match:
         - @ConditionalOnClass did not find required class 'org.neo4j.driver.Driver' (OnClassCondition)

   Neo4jReactiveRepositoriesAutoConfiguration:
      Did not match:
         - @ConditionalOnClass did not find required class 'org.neo4j.driver.Driver' (OnClassCondition)

   Neo4jRepositoriesAutoConfiguration:
      Did not match:
         - @ConditionalOnClass did not find required class 'org.neo4j.driver.Driver' (OnClassCondition)

   OAuth2AuthorizationServerAutoConfiguration:
      Did not match:
         - @ConditionalOnClass did not find required class 'org.springframework.security.oauth2.server.authorization.OAuth2Authorization' (OnClassCondition)

   OAuth2AuthorizationServerJwtAutoConfiguration:
      Did not match:
         - @ConditionalOnClass did not find required class 'org.springframework.security.oauth2.server.authorization.OAuth2Authorization' (OnClassCondition)

   OAuth2ClientAutoConfiguration:
      Did not match:
         - @ConditionalOnClass did not find required class 'org.springframework.security.config.annotation.web.configuration.EnableWebSecurity' (OnClassCondition)

   OAuth2ResourceServerAutoConfiguration:
      Did not match:
         - @ConditionalOnClass did not find required class 'org.springframework.security.oauth2.server.resource.authentication.BearerTokenAuthenticationToken' (OnClassCondition)

   ProjectInfoAutoConfiguration#buildProperties:
      Did not match:
         - @ConditionalOnResource did not find resource '${spring.info.build.location:classpath:META-INF/build-info.properties}' (OnResourceCondition)

   ProjectInfoAutoConfiguration#gitProperties:
      Did not match:
         - GitResource did not find git info at classpath:git.properties (ProjectInfoAutoConfiguration.GitResourceAvailableCondition)

   PropertiesComponentAutoConfiguration#configurePropertiesComponent:
      Did not match:
         - @ConditionalOnMissingBean (types: org.apache.camel.component.properties.PropertiesComponent; SearchStrategy: all) found beans of type 'org.apache.camel.component.properties.PropertiesComponent' properties (OnBeanCondition)

   PulsarAutoConfiguration:
      Did not match:
         - @ConditionalOnClass did not find required class 'org.apache.pulsar.client.api.PulsarClient' (OnClassCondition)

   PulsarReactiveAutoConfiguration:
      Did not match:
         - @ConditionalOnClass did not find required class 'org.apache.pulsar.client.api.PulsarClient' (OnClassCondition)

   QuartzAutoConfiguration:
      Did not match:
         - @ConditionalOnClass did not find required class 'org.quartz.Scheduler' (OnClassCondition)

   R2dbcAutoConfiguration:
      Did not match:
         - @ConditionalOnClass did not find required class 'io.r2dbc.spi.ConnectionFactory' (OnClassCondition)

   R2dbcDataAutoConfiguration:
      Did not match:
         - @ConditionalOnClass did not find required class 'org.springframework.data.r2dbc.core.R2dbcEntityTemplate' (OnClassCondition)

   R2dbcInitializationConfiguration:
      Did not match:
         - @ConditionalOnClass did not find required classes 'io.r2dbc.spi.ConnectionFactory', 'org.springframework.r2dbc.connection.init.DatabasePopulator' (OnClassCondition)

   R2dbcProxyAutoConfiguration:
      Did not match:
         - @ConditionalOnClass did not find required class 'io.r2dbc.proxy.ProxyConnectionFactory' (OnClassCondition)

   R2dbcRepositoriesAutoConfiguration:
      Did not match:
         - @ConditionalOnClass did not find required class 'io.r2dbc.spi.ConnectionFactory' (OnClassCondition)

   R2dbcTransactionManagerAutoConfiguration:
      Did not match:
         - @ConditionalOnClass did not find required class 'org.springframework.r2dbc.connection.R2dbcTransactionManager' (OnClassCondition)

   RSocketGraphQlClientAutoConfiguration:
      Did not match:
         - @ConditionalOnClass did not find required class 'graphql.GraphQL' (OnClassCondition)

   RSocketMessagingAutoConfiguration:
      Did not match:
         - @ConditionalOnClass did not find required class 'io.rsocket.RSocket' (OnClassCondition)

   RSocketRequesterAutoConfiguration:
      Did not match:
         - @ConditionalOnClass did not find required class 'io.rsocket.RSocket' (OnClassCondition)

   RSocketSecurityAutoConfiguration:
      Did not match:
         - @ConditionalOnClass did not find required class 'org.springframework.security.rsocket.core.SecuritySocketAcceptorInterceptor' (OnClassCondition)

   RSocketServerAutoConfiguration:
      Did not match:
         - @ConditionalOnClass did not find required class 'io.rsocket.core.RSocketServer' (OnClassCondition)

   RSocketStrategiesAutoConfiguration:
      Did not match:
         - @ConditionalOnClass did not find required class 'io.rsocket.RSocket' (OnClassCondition)

   RabbitAutoConfiguration:
      Did not match:
         - @ConditionalOnClass did not find required class 'com.rabbitmq.client.Channel' (OnClassCondition)

   ReactiveElasticsearchClientAutoConfiguration:
      Did not match:
         - @ConditionalOnClass did not find required class 'co.elastic.clients.transport.ElasticsearchTransport' (OnClassCondition)

   ReactiveElasticsearchRepositoriesAutoConfiguration:
      Did not match:
         - @ConditionalOnClass did not find required class 'reactor.core.publisher.Mono' (OnClassCondition)

   ReactiveMultipartAutoConfiguration:
      Did not match:
         - @ConditionalOnClass did not find required class 'org.springframework.web.reactive.config.WebFluxConfigurer' (OnClassCondition)

   ReactiveOAuth2ClientAutoConfiguration:
      Did not match:
         - @ConditionalOnClass did not find required class 'reactor.core.publisher.Flux' (OnClassCondition)

   ReactiveOAuth2ResourceServerAutoConfiguration:
      Did not match:
         - @ConditionalOnClass did not find required class 'org.springframework.security.config.annotation.web.reactive.EnableWebFluxSecurity' (OnClassCondition)

   ReactiveSecurityAutoConfiguration:
      Did not match:
         - @ConditionalOnClass did not find required class 'reactor.core.publisher.Flux' (OnClassCondition)

   ReactiveUserDetailsServiceAutoConfiguration:
      Did not match:
         - @ConditionalOnClass did not find required class 'org.springframework.security.authentication.ReactiveAuthenticationManager' (OnClassCondition)

   ReactiveWebServerFactoryAutoConfiguration:
      Did not match:
         - @ConditionalOnWebApplication did not find reactive web application classes (OnWebApplicationCondition)

   ReactorAutoConfiguration:
      Did not match:
         - @ConditionalOnClass did not find required class 'reactor.core.publisher.Hooks' (OnClassCondition)

   RedisAutoConfiguration:
      Did not match:
         - @ConditionalOnClass did not find required class 'org.springframework.data.redis.core.RedisOperations' (OnClassCondition)

   RedisCacheConfiguration:
      Did not match:
         - @ConditionalOnClass did not find required class 'org.springframework.data.redis.connection.RedisConnectionFactory' (OnClassCondition)

   RedisReactiveAutoConfiguration:
      Did not match:
         - @ConditionalOnClass did not find required class 'reactor.core.publisher.Flux' (OnClassCondition)

   RedisRepositoriesAutoConfiguration:
      Did not match:
         - @ConditionalOnClass did not find required class 'org.springframework.data.redis.repository.configuration.EnableRedisRepositories' (OnClassCondition)

   RemoteDevToolsAutoConfiguration:
      Did not match:
         - @ConditionalOnProperty (spring.devtools.remote.secret) did not find property 'secret' (OnPropertyCondition)
      Matched:
         - @ConditionalOnClass found required classes 'jakarta.servlet.Filter', 'org.springframework.http.server.ServerHttpRequest' (OnClassCondition)

   RepositoryRestMvcAutoConfiguration:
      Did not match:
         - @ConditionalOnClass did not find required class 'org.springframework.data.rest.webmvc.config.RepositoryRestMvcConfiguration' (OnClassCondition)

   Saml2RelyingPartyAutoConfiguration:
      Did not match:
         - @ConditionalOnClass did not find required class 'org.springframework.security.saml2.provider.service.registration.RelyingPartyRegistrationRepository' (OnClassCondition)

   SecurityAutoConfiguration:
      Did not match:
         - @ConditionalOnClass did not find required class 'org.springframework.security.authentication.DefaultAuthenticationEventPublisher' (OnClassCondition)

   SecurityFilterAutoConfiguration:
      Did not match:
         - @ConditionalOnClass did not find required class 'org.springframework.security.config.http.SessionCreationPolicy' (OnClassCondition)

   SendGridAutoConfiguration:
      Did not match:
         - @ConditionalOnClass did not find required class 'com.sendgrid.SendGrid' (OnClassCondition)

   ServletWebServerFactoryAutoConfiguration.ForwardedHeaderFilterConfiguration:
      Did not match:
         - @ConditionalOnProperty (server.forward-headers-strategy=framework) did not find property 'server.forward-headers-strategy' (OnPropertyCondition)

   ServletWebServerFactoryConfiguration.EmbeddedJetty:
      Did not match:
         - @ConditionalOnClass did not find required classes 'org.eclipse.jetty.server.Server', 'org.eclipse.jetty.util.Loader', 'org.eclipse.jetty.ee10.webapp.WebAppContext' (OnClassCondition)

   ServletWebServerFactoryConfiguration.EmbeddedUndertow:
      Did not match:
         - @ConditionalOnClass did not find required classes 'io.undertow.Undertow', 'org.xnio.SslClientAuthMode' (OnClassCondition)

   SessionAutoConfiguration:
      Did not match:
         - @ConditionalOnClass did not find required class 'org.springframework.session.Session' (OnClassCondition)

   SpringApplicationAdminJmxAutoConfiguration:
      Did not match:
         - @ConditionalOnProperty (spring.application.admin.enabled=true) did not find property 'enabled' (OnPropertyCondition)

   TaskExecutorConfigurations.SimpleAsyncTaskExecutorBuilderConfiguration#simpleAsyncTaskExecutorBuilderVirtualThreads:
      Did not match:
         - @ConditionalOnMissingBean (types: org.springframework.boot.task.SimpleAsyncTaskExecutorBuilder; SearchStrategy: all) found beans of type 'org.springframework.boot.task.SimpleAsyncTaskExecutorBuilder' simpleAsyncTaskExecutorBuilder (OnBeanCondition)

   TaskExecutorConfigurations.TaskExecutorConfiguration#applicationTaskExecutorVirtualThreads:
      Did not match:
         - @ConditionalOnThreading did not find VIRTUAL (OnThreadingCondition)

   TaskSchedulingAutoConfiguration#scheduledBeanLazyInitializationExcludeFilter:
      Did not match:
         - @ConditionalOnBean (names: org.springframework.context.annotation.internalScheduledAnnotationProcessor; SearchStrategy: all) did not find any beans named org.springframework.context.annotation.internalScheduledAnnotationProcessor (OnBeanCondition)

   TaskSchedulingConfigurations.SimpleAsyncTaskSchedulerBuilderConfiguration#simpleAsyncTaskSchedulerBuilderVirtualThreads:
      Did not match:
         - @ConditionalOnMissingBean (types: org.springframework.boot.task.SimpleAsyncTaskSchedulerBuilder; SearchStrategy: all) found beans of type 'org.springframework.boot.task.SimpleAsyncTaskSchedulerBuilder' simpleAsyncTaskSchedulerBuilder (OnBeanCondition)

   TaskSchedulingConfigurations.TaskSchedulerConfiguration:
      Did not match:
         - @ConditionalOnBean (names: org.springframework.context.annotation.internalScheduledAnnotationProcessor; SearchStrategy: all) did not find any beans named org.springframework.context.annotation.internalScheduledAnnotationProcessor (OnBeanCondition)

   ThymeleafAutoConfiguration:
      Did not match:
         - @ConditionalOnClass did not find required class 'org.thymeleaf.spring6.SpringTemplateEngine' (OnClassCondition)

   TransactionAutoConfiguration#transactionalOperator:
      Did not match:
         - @ConditionalOnSingleCandidate (types: org.springframework.transaction.ReactiveTransactionManager; SearchStrategy: all) did not find any beans (OnBeanCondition)

   TransactionAutoConfiguration.AspectJTransactionManagementConfiguration:
      Did not match:
         - @ConditionalOnBean did not find required type 'org.springframework.transaction.aspectj.AbstractTransactionAspect' (OnBeanCondition)
         - @ConditionalOnBean (types: org.springframework.transaction.aspectj.AbstractTransactionAspect; SearchStrategy: all) did not find any beans of type org.springframework.transaction.aspectj.AbstractTransactionAspect (OnBeanCondition)

   TransactionAutoConfiguration.EnableTransactionManagementConfiguration:
      Did not match:
         - @ConditionalOnBean (types: org.springframework.transaction.TransactionManager; SearchStrategy: all) did not find any beans of type org.springframework.transaction.TransactionManager (OnBeanCondition)

   TransactionAutoConfiguration.EnableTransactionManagementConfiguration.CglibAutoProxyConfiguration:
      Did not match:
         - Ancestor org.springframework.boot.autoconfigure.transaction.TransactionAutoConfiguration$EnableTransactionManagementConfiguration did not match (ConditionEvaluationReport.AncestorsMatchedCondition)
      Matched:
         - @ConditionalOnProperty (spring.aop.proxy-target-class=true) matched (OnPropertyCondition)

   TransactionAutoConfiguration.EnableTransactionManagementConfiguration.JdkDynamicAutoProxyConfiguration:
      Did not match:
         - @ConditionalOnProperty (spring.aop.proxy-target-class=false) did not find property 'proxy-target-class' (OnPropertyCondition)
         - Ancestor org.springframework.boot.autoconfigure.transaction.TransactionAutoConfiguration$EnableTransactionManagementConfiguration did not match (ConditionEvaluationReport.AncestorsMatchedCondition)

   TransactionAutoConfiguration.TransactionTemplateConfiguration:
      Did not match:
         - @ConditionalOnSingleCandidate (types: org.springframework.transaction.PlatformTransactionManager; SearchStrategy: all) did not find any beans (OnBeanCondition)

   TypeConversionConfiguration#defaultCamelConversionService:
      Did not match:
         - @ConditionalOnMissingBean (types: org.springframework.core.convert.ConversionService; SearchStrategy: all) found beans of type 'org.springframework.core.convert.ConversionService' mvcConversionService (OnBeanCondition)

   UserDetailsServiceAutoConfiguration:
      Did not match:
         - @ConditionalOnClass did not find required class 'org.springframework.security.authentication.AuthenticationManager' (OnClassCondition)

   ValidationAutoConfiguration:
      Did not match:
         - @ConditionalOnClass did not find required class 'jakarta.validation.executable.ExecutableValidator' (OnClassCondition)

   WebClientAutoConfiguration:
      Did not match:
         - @ConditionalOnClass did not find required class 'org.springframework.web.reactive.function.client.WebClient' (OnClassCondition)

   WebFluxAutoConfiguration:
      Did not match:
         - @ConditionalOnClass did not find required class 'org.springframework.web.reactive.config.WebFluxConfigurer' (OnClassCondition)

   WebMvcAutoConfiguration#hiddenHttpMethodFilter:
      Did not match:
         - @ConditionalOnProperty (spring.mvc.hiddenmethod.filter.enabled) did not find property 'enabled' (OnPropertyCondition)

   WebMvcAutoConfiguration.ProblemDetailsErrorHandlingConfiguration:
      Did not match:
         - @ConditionalOnProperty (spring.mvc.problemdetails.enabled=true) did not find property 'enabled' (OnPropertyCondition)

   WebMvcAutoConfiguration.ResourceChainCustomizerConfiguration:
      Did not match:
         - @ConditionalOnEnabledResourceChain did not find class org.webjars.WebJarVersionLocator (OnEnabledResourceChainCondition)

   WebMvcAutoConfiguration.WebMvcAutoConfigurationAdapter#beanNameViewResolver:
      Did not match:
         - @ConditionalOnMissingBean (types: org.springframework.web.servlet.view.BeanNameViewResolver; SearchStrategy: all) found beans of type 'org.springframework.web.servlet.view.BeanNameViewResolver' beanNameViewResolver (OnBeanCondition)

   WebServiceTemplateAutoConfiguration:
      Did not match:
         - @ConditionalOnClass did not find required class 'org.springframework.oxm.Marshaller' (OnClassCondition)

   WebServicesAutoConfiguration:
      Did not match:
         - @ConditionalOnClass did not find required class 'org.springframework.ws.transport.http.MessageDispatcherServlet' (OnClassCondition)

   WebSessionIdResolverAutoConfiguration:
      Did not match:
         - @ConditionalOnClass did not find required class 'reactor.core.publisher.Mono' (OnClassCondition)

   WebSocketMessagingAutoConfiguration:
      Did not match:
         - @ConditionalOnClass did not find required class 'org.springframework.web.socket.config.annotation.WebSocketMessageBrokerConfigurer' (OnClassCondition)

   WebSocketReactiveAutoConfiguration:
      Did not match:
         - @ConditionalOnWebApplication did not find reactive web application classes (OnWebApplicationCondition)

   WebSocketServletAutoConfiguration.JettyWebSocketConfiguration:
      Did not match:
         - @ConditionalOnClass did not find required class 'org.eclipse.jetty.ee10.websocket.jakarta.server.config.JakartaWebSocketServletContainerInitializer' (OnClassCondition)

   WebSocketServletAutoConfiguration.UndertowWebSocketConfiguration:
      Did not match:
         - @ConditionalOnClass did not find required class 'io.undertow.websockets.jsr.Bootstrap' (OnClassCondition)

   XADataSourceAutoConfiguration:
      Did not match:
         - @ConditionalOnClass did not find required class 'jakarta.transaction.TransactionManager' (OnClassCondition)


Exclusions:
-----------

    None


Unconditional classes:
----------------------

    org.apache.camel.spring.boot.CamelAutoConfiguration

    org.springframework.boot.autoconfigure.context.ConfigurationPropertiesAutoConfiguration

    org.apache.camel.component.xslt.springboot.XsltComponentConverter

    org.apache.camel.component.seda.springboot.SedaComponentConverter

    org.apache.camel.component.activemq.springboot.ActiveMQComponentConverter

    org.springframework.boot.autoconfigure.ssl.SslAutoConfiguration

    org.springframework.boot.autoconfigure.context.PropertyPlaceholderAutoConfiguration

    org.springframework.boot.autoconfigure.context.LifecycleAutoConfiguration

    org.apache.camel.spring.boot.security.CamelSSLAutoConfiguration

    org.apache.camel.component.dataset.springboot.DataSetComponentConverter

    org.apache.camel.component.mongodb.springboot.MongoDbComponentConverter

    org.apache.camel.component.mock.springboot.MockComponentConverter

    org.apache.camel.component.validator.springboot.ValidatorComponentConverter

    org.apache.camel.component.rest.springboot.RestComponentConverter

    org.apache.camel.component.servlet.springboot.ServletComponentConverter

    org.apache.camel.component.stub.springboot.StubComponentConverter

    org.apache.camel.component.log.springboot.LogComponentConverter

    org.springframework.boot.autoconfigure.availability.ApplicationAvailabilityAutoConfiguration

    org.apache.camel.component.dataset.springboot.DataSetTestComponentConverter

    org.springframework.boot.autoconfigure.info.ProjectInfoAutoConfiguration



]]></system-err>
  </testcase>
</testsuite>